#
# There is insufficient memory for the Java Runtime Environment to continue.
# Native memory allocation (malloc) failed to allocate 2073936 bytes for Chunk::new
# Possible reasons:
#   The system is out of physical RAM or swap space
#   The process is running with CompressedOops enabled, and the Java Heap may be blocking the growth of the native heap
# Possible solutions:
#   Reduce memory load on the system
#   Increase physical memory or swap space
#   Check if swap backing store is full
#   Decrease Java heap size (-Xmx/-Xms)
#   Decrease number of Java threads
#   Decrease Java thread stack sizes (-Xss)
#   Set larger code cache with -XX:ReservedCodeCacheSize=
#   JVM is running with Unscaled Compressed Oops mode in which the Java heap is
#     placed in the first 4GB address space. The Java Heap base address is the
#     maximum limit for the native heap growth. Please use -XX:HeapBaseMinAddress
#     to set the Java Heap base and to place the Java Heap above 4GB virtual address.
# This output file may be truncated or incomplete.
#
#  Out of Memory Error (./src/hotspot/share/memory/arena.cpp:197), pid=10728, tid=13088
#
# JRE version: OpenJDK Runtime Environment (11.0.12+7) (build 11.0.12+7-b1504.28-7817840)
# Java VM: OpenJDK 64-Bit Server VM (11.0.12+7-b1504.28-7817840, mixed mode, tiered, compressed oops, g1 gc, windows-amd64)
# No core dump will be written. Minidumps are not enabled by default on client versions of Windows
#

---------------  S U M M A R Y ------------

Command Line: --add-opens=java.base/java.util=ALL-UNNAMED --add-opens=java.base/java.lang=ALL-UNNAMED --add-opens=java.base/java.lang.invoke=ALL-UNNAMED --add-opens=java.base/java.util=ALL-UNNAMED --add-opens=java.prefs/java.util.prefs=ALL-UNNAMED --add-opens=java.prefs/java.util.prefs=ALL-UNNAMED --add-opens=java.base/java.nio.charset=ALL-UNNAMED --add-opens=java.base/java.net=ALL-UNNAMED --add-opens=java.base/java.util.concurrent.atomic=ALL-UNNAMED -Xmx2048m -Dfile.encoding=UTF-8 -Duser.country=ID -Duser.language=en -Duser.variant org.gradle.launcher.daemon.bootstrap.GradleDaemon 7.3.3

Host: Intel(R) Core(TM) i5-8265U CPU @ 1.60GHz, 8 cores, 7G,  Windows 10 , 64 bit Build 22000 (10.0.22000.675)
Time: Tue Jun  7 14:26:59 2022 SE Asia Standard Time elapsed time: 9645.785086 seconds (0d 2h 40m 45s)

---------------  T H R E A D  ---------------

Current thread (0x000002d0e0cfd000):  JavaThread "C2 CompilerThread1" daemon [_thread_in_native, id=13088, stack(0x000000ffb7a00000,0x000000ffb7b00000)]


Current CompileTask:
C2:9645785 27407       4       org.gradle.api.internal.artifacts.ivyservice.resolveengine.graph.builder.NodeState::visitOutgoingDependencies (159 bytes)

Stack: [0x000000ffb7a00000,0x000000ffb7b00000]
Native frames: (J=compiled Java code, j=interpreted, Vv=VM code, C=native code)
V  [jvm.dll+0x5fbcea]
V  [jvm.dll+0x731905]
V  [jvm.dll+0x732f1d]
V  [jvm.dll+0x7335d3]
V  [jvm.dll+0x247bf8]
V  [jvm.dll+0xc018c]
V  [jvm.dll+0xc06cc]
V  [jvm.dll+0x35b2db]
V  [jvm.dll+0x328803]
V  [jvm.dll+0x327cfa]
V  [jvm.dll+0x200602]
V  [jvm.dll+0x1ff794]
V  [jvm.dll+0x18868c]
V  [jvm.dll+0x20e0d7]
V  [jvm.dll+0x20c901]
V  [jvm.dll+0x6f9b7f]
V  [jvm.dll+0x6f26a5]
V  [jvm.dll+0x5fabf6]
C  [ucrtbase.dll+0x26c0c]
C  [KERNEL32.DLL+0x154e0]
C  [ntdll.dll+0x485b]


---------------  P R O C E S S  ---------------

Threads class SMR info:
_java_thread_list=0x000002d0e0a57f00, length=130, elements={
0x000002d0bda51800, 0x000002d0d7edd000, 0x000002d0d7ee6000, 0x000002d0d8865000,
0x000002d0d8866000, 0x000002d0d8867800, 0x000002d0d886b800, 0x000002d0d8871000,
0x000002d0d7efa000, 0x000002d0d89dc000, 0x000002d0da9dc000, 0x000002d0d8b9f800,
0x000002d0d915a000, 0x000002d0db338000, 0x000002d0db33c000, 0x000002d0db33a800,
0x000002d0db338800, 0x000002d0db339800, 0x000002d0dd9c9800, 0x000002d0dd9cb000,
0x000002d0dd9c5800, 0x000002d0dd9cc000, 0x000002d0dd9c8000, 0x000002d0de60c800,
0x000002d0dbeab800, 0x000002d0dbeae800, 0x000002d0dbead000, 0x000002d0dbeac000,
0x000002d0dbeb0800, 0x000002d0daf92800, 0x000002d0e0cf4000, 0x000002d0e0cf8000,
0x000002d0dd9d0000, 0x000002d0dd9cf000, 0x000002d0dd9ce800, 0x000002d0dd9d1800,
0x000002d0dd9d2800, 0x000002d0dd9d1000, 0x000002d0e0cf9000, 0x000002d0e0cf3000,
0x000002d0e0cf9800, 0x000002d0e0cf5800, 0x000002d0e0cfa800, 0x000002d0e0cf5000,
0x000002d0e0cfb800, 0x000002d0e0cfc000, 0x000002d0e0cf6800, 0x000002d0e0cf7000,
0x000002d0e0cfe800, 0x000002d0e0cfd000, 0x000002d0e0cfe000, 0x000002d0e0d02000,
0x000002d0e0cff800, 0x000002d0e0d00000, 0x000002d0e0d01000, 0x000002d0db944000,
0x000002d0db946000, 0x000002d0db941800, 0x000002d0db942800, 0x000002d0db945000,
0x000002d0db940000, 0x000002d0db941000, 0x000002d0db946800, 0x000002d0db948000,
0x000002d0db949000, 0x000002d0db94b800, 0x000002d0db94a000, 0x000002d0db94a800,
0x000002d0db94c800, 0x000002d0db947800, 0x000002d0db94d000, 0x000002d0db94e000,
0x000002d0db94f000, 0x000002d0e57ea000, 0x000002d0e57e4000, 0x000002d0e57e8000,
0x000002d0e57ea800, 0x000002d0e57e6800, 0x000002d0e57e9000, 0x000002d0e57e7800,
0x000002d0e57e5000, 0x000002d0e57eb800, 0x000002d0e57e5800, 0x000002d0e57ec800,
0x000002d0e57ed000, 0x000002d0e57f1000, 0x000002d0e57f0800, 0x000002d0e57f2000,
0x000002d0e57ee000, 0x000002d0e57ee800, 0x000002d0e57ef800, 0x000002d0dfa99000,
0x000002d0dfa98000, 0x000002d0dfa9c800, 0x000002d0dfa9d000, 0x000002d0dfa9a800,
0x000002d0dfa9a000, 0x000002d0dfa9e000, 0x000002d0dfaa2000, 0x000002d0dfaa3800,
0x000002d0dfaa4800, 0x000002d0dfa9f000, 0x000002d0dfaa1000, 0x000002d0dfaa3000,
0x000002d0dfa9f800, 0x000002d0dfaa5800, 0x000002d0dfaa6000, 0x000002d0dfaa0800,
0x000002d0dfaa7000, 0x000002d0de5ff000, 0x000002d0de5fe000, 0x000002d0de605800,
0x000002d0de5ff800, 0x000002d0de606000, 0x000002d0de600800, 0x000002d0de607000,
0x000002d0de601800, 0x000002d0de604800, 0x000002d0de608000, 0x000002d0de602000,
0x000002d0de608800, 0x000002d0de603000, 0x000002d0de609800, 0x000002d0de60a800,
0x000002d0de60b000, 0x000002d0de60c000, 0x000002d0dfbf4000, 0x000002d0dfbf7800,
0x000002d0dfbf5000, 0x000002d0dfbf6000
}

Java Threads: ( => current thread )
  0x000002d0bda51800 JavaThread "main" [_thread_blocked, id=11932, stack(0x000000ffb4f00000,0x000000ffb5000000)]
  0x000002d0d7edd000 JavaThread "Reference Handler" daemon [_thread_blocked, id=12952, stack(0x000000ffb5600000,0x000000ffb5700000)]
  0x000002d0d7ee6000 JavaThread "Finalizer" daemon [_thread_blocked, id=4832, stack(0x000000ffb5700000,0x000000ffb5800000)]
  0x000002d0d8865000 JavaThread "Signal Dispatcher" daemon [_thread_blocked, id=4500, stack(0x000000ffb5800000,0x000000ffb5900000)]
  0x000002d0d8866000 JavaThread "Attach Listener" daemon [_thread_blocked, id=12156, stack(0x000000ffb5900000,0x000000ffb5a00000)]
  0x000002d0d8867800 JavaThread "Service Thread" daemon [_thread_blocked, id=4512, stack(0x000000ffb5a00000,0x000000ffb5b00000)]
  0x000002d0d886b800 JavaThread "C2 CompilerThread0" daemon [_thread_in_native, id=2332, stack(0x000000ffb5b00000,0x000000ffb5c00000)]
  0x000002d0d8871000 JavaThread "C1 CompilerThread0" daemon [_thread_blocked, id=6752, stack(0x000000ffb5c00000,0x000000ffb5d00000)]
  0x000002d0d7efa000 JavaThread "Sweeper thread" daemon [_thread_blocked, id=11812, stack(0x000000ffb5d00000,0x000000ffb5e00000)]
  0x000002d0d89dc000 JavaThread "Common-Cleaner" daemon [_thread_blocked, id=14820, stack(0x000000ffb5e00000,0x000000ffb5f00000)]
  0x000002d0da9dc000 JavaThread "Daemon health stats" [_thread_blocked, id=8432, stack(0x000000ffb6400000,0x000000ffb6500000)]
  0x000002d0d8b9f800 JavaThread "Incoming local TCP Connector on port 55513" [_thread_in_native, id=9076, stack(0x000000ffb6000000,0x000000ffb6100000)]
  0x000002d0d915a000 JavaThread "Daemon periodic checks" [_thread_blocked, id=14052, stack(0x000000ffb6100000,0x000000ffb6200000)]
  0x000002d0db338000 JavaThread "Cache worker for journal cache (C:\Kuliah\Semester6\AKB\SQLiteExample\.gradle\caches\journal-1)" [_thread_blocked, id=11604, stack(0x000000ffb7200000,0x000000ffb7300000)]
  0x000002d0db33c000 JavaThread "File lock request listener" [_thread_in_native, id=8980, stack(0x000000ffb7300000,0x000000ffb7400000)]
  0x000002d0db33a800 JavaThread "Cache worker for file hash cache (C:\Kuliah\Semester6\AKB\SQLiteExample\.gradle\caches\7.3.3\fileHashes)" [_thread_blocked, id=7456, stack(0x000000ffb7400000,0x000000ffb7500000)]
  0x000002d0db338800 JavaThread "File watcher server" daemon [_thread_in_native, id=6432, stack(0x000000ffb7800000,0x000000ffb7900000)]
  0x000002d0db339800 JavaThread "File watcher consumer" daemon [_thread_blocked, id=11304, stack(0x000000ffb7900000,0x000000ffb7a00000)]
  0x000002d0dd9c9800 JavaThread "Cache worker for execution history cache (C:\Kuliah\Semester6\AKB\SQLiteExample\.gradle\caches\7.3.3\executionHistory)" [_thread_blocked, id=10252, stack(0x000000ffb7d00000,0x000000ffb7e00000)]
  0x000002d0dd9cb000 JavaThread "jar transforms" [_thread_blocked, id=8652, stack(0x000000ffb7e00000,0x000000ffb7f00000)]
  0x000002d0dd9c5800 JavaThread "Cache worker for file content cache (C:\Kuliah\Semester6\AKB\SQLiteExample\.gradle\caches\7.3.3\fileContent)" [_thread_blocked, id=3156, stack(0x000000ffb7f00000,0x000000ffb8000000)]
  0x000002d0dd9cc000 JavaThread "jar transforms Thread 2" [_thread_blocked, id=11992, stack(0x000000ffb8000000,0x000000ffb8100000)]
  0x000002d0dd9c8000 JavaThread "jar transforms Thread 3" [_thread_blocked, id=10708, stack(0x000000ffb8200000,0x000000ffb8300000)]
  0x000002d0de60c800 JavaThread "jar transforms Thread 4" [_thread_blocked, id=13028, stack(0x000000ffbd200000,0x000000ffbd300000)]
  0x000002d0dbeab800 JavaThread "jar transforms Thread 5" [_thread_blocked, id=3720, stack(0x000000ffbd300000,0x000000ffbd400000)]
  0x000002d0dbeae800 JavaThread "jar transforms Thread 6" [_thread_blocked, id=10656, stack(0x000000ffbd400000,0x000000ffbd500000)]
  0x000002d0dbead000 JavaThread "jar transforms Thread 7" [_thread_blocked, id=13856, stack(0x000000ffbd500000,0x000000ffbd600000)]
  0x000002d0dbeac000 JavaThread "jar transforms Thread 8" [_thread_blocked, id=8884, stack(0x000000ffbd600000,0x000000ffbd700000)]
  0x000002d0dbeb0800 JavaThread "Memory manager" [_thread_blocked, id=5816, stack(0x000000ffbd800000,0x000000ffbd900000)]
  0x000002d0daf92800 JavaThread "Cache worker for Java compile cache (C:\Kuliah\Semester6\AKB\SQLiteExample\.gradle\caches\7.3.3\javaCompile)" [_thread_blocked, id=6612, stack(0x000000ffbe600000,0x000000ffbe700000)]
  0x000002d0e0cf4000 JavaThread "Daemon Thread 9" [_thread_blocked, id=13104, stack(0x000000ffb4c00000,0x000000ffb4d00000)]
  0x000002d0e0cf8000 JavaThread "Daemon worker Thread 9" [_thread_in_vm, id=5512, stack(0x000000ffb6500000,0x000000ffb6600000)]
  0x000002d0dd9d0000 JavaThread "ForkJoinPool.commonPool-worker-7" daemon [_thread_blocked, id=15140, stack(0x000000ffbf600000,0x000000ffbf700000)]
  0x000002d0dd9cf000 JavaThread "ForkJoinPool.commonPool-worker-9" daemon [_thread_blocked, id=8108, stack(0x000000ffbf700000,0x000000ffbf800000)]
  0x000002d0dd9ce800 JavaThread "ForkJoinPool.commonPool-worker-11" daemon [_thread_blocked, id=1520, stack(0x000000ffbf800000,0x000000ffbf900000)]
  0x000002d0dd9d1800 JavaThread "ForkJoinPool.commonPool-worker-15" daemon [_thread_blocked, id=15180, stack(0x000000ffbf900000,0x000000ffbfa00000)]
  0x000002d0dd9d2800 JavaThread "ForkJoinPool.commonPool-worker-1" daemon [_thread_blocked, id=7424, stack(0x000000ffbfa00000,0x000000ffbfb00000)]
  0x000002d0dd9d1000 JavaThread "ForkJoinPool.commonPool-worker-3" daemon [_thread_blocked, id=324, stack(0x000000ffbfb00000,0x000000ffbfc00000)]
  0x000002d0e0cf9000 JavaThread "Handler for socket connection from /127.0.0.1:55513 to /127.0.0.1:54391" [_thread_in_native, id=12560, stack(0x000000ffb4d00000,0x000000ffb4e00000)]
  0x000002d0e0cf3000 JavaThread "Cancel handler" [_thread_blocked, id=12208, stack(0x000000ffb4e00000,0x000000ffb4f00000)]
  0x000002d0e0cf9800 JavaThread "Asynchronous log dispatcher for DefaultDaemonConnection: socket connection from /127.0.0.1:55513 to /127.0.0.1:54391" [_thread_blocked, id=15260, stack(0x000000ffb6600000,0x000000ffb6700000)]
  0x000002d0e0cf5800 JavaThread "Stdin handler" [_thread_blocked, id=1204, stack(0x000000ffb6700000,0x000000ffb6800000)]
  0x000002d0e0cfa800 JavaThread "Daemon client event forwarder" [_thread_blocked, id=8964, stack(0x000000ffb6800000,0x000000ffb6900000)]
  0x000002d0e0cf5000 JavaThread "Cache worker for file hash cache (C:\Kuliah\Semester6\AKB\UTS_AKB_10119119\.gradle\7.3.3\fileHashes)" [_thread_blocked, id=4128, stack(0x000000ffb6900000,0x000000ffb6a00000)]
  0x000002d0e0cfb800 JavaThread "Cache worker for checksums cache (C:\Kuliah\Semester6\AKB\UTS_AKB_10119119\.gradle\7.3.3\checksums)" [_thread_blocked, id=14084, stack(0x000000ffb6a00000,0x000000ffb6b00000)]
  0x000002d0e0cfc000 JavaThread "Cache worker for cache directory md-supplier (C:\Kuliah\Semester6\AKB\SQLiteExample\.gradle\caches\7.3.3\md-supplier)" [_thread_blocked, id=13220, stack(0x000000ffb6b00000,0x000000ffb6c00000)]
  0x000002d0e0cf6800 JavaThread "Cache worker for cache directory md-rule (C:\Kuliah\Semester6\AKB\SQLiteExample\.gradle\caches\7.3.3\md-rule)" [_thread_blocked, id=6932, stack(0x000000ffb6c00000,0x000000ffb6d00000)]
  0x000002d0e0cf7000 JavaThread "Cache worker for dependencies-accessors (C:\Kuliah\Semester6\AKB\UTS_AKB_10119119\.gradle\7.3.3\dependencies-accessors)" [_thread_blocked, id=14756, stack(0x000000ffb7600000,0x000000ffb7700000)]
  0x000002d0e0cfe800 JavaThread "Cache worker for Build Output Cleanup Cache (C:\Kuliah\Semester6\AKB\UTS_AKB_10119119\.gradle\buildOutputCleanup)" [_thread_blocked, id=2600, stack(0x000000ffb7700000,0x000000ffb7800000)]
=>0x000002d0e0cfd000 JavaThread "C2 CompilerThread1" daemon [_thread_in_native, id=13088, stack(0x000000ffb7a00000,0x000000ffb7b00000)]
  0x000002d0e0cfe000 JavaThread "Unconstrained build operations" [_thread_blocked, id=13200, stack(0x000000ffb7b00000,0x000000ffb7c00000)]
  0x000002d0e0d02000 JavaThread "Unconstrained build operations Thread 2" [_thread_blocked, id=13672, stack(0x000000ffb7c00000,0x000000ffb7d00000)]
  0x000002d0e0cff800 JavaThread "Unconstrained build operations Thread 3" [_thread_blocked, id=5232, stack(0x000000ffb8100000,0x000000ffb8200000)]
  0x000002d0e0d00000 JavaThread "Unconstrained build operations Thread 4" [_thread_blocked, id=6604, stack(0x000000ffb8300000,0x000000ffb8400000)]
  0x000002d0e0d01000 JavaThread "Unconstrained build operations Thread 5" [_thread_blocked, id=7904, stack(0x000000ffb8400000,0x000000ffb8500000)]
  0x000002d0db944000 JavaThread "Unconstrained build operations Thread 6" [_thread_blocked, id=6952, stack(0x000000ffb8500000,0x000000ffb8600000)]
  0x000002d0db946000 JavaThread "Unconstrained build operations Thread 7" [_thread_blocked, id=13228, stack(0x000000ffb8600000,0x000000ffb8700000)]
  0x000002d0db941800 JavaThread "Unconstrained build operations Thread 8" [_thread_blocked, id=2860, stack(0x000000ffb8700000,0x000000ffb8800000)]
  0x000002d0db942800 JavaThread "Unconstrained build operations Thread 9" [_thread_blocked, id=11540, stack(0x000000ffb8800000,0x000000ffb8900000)]
  0x000002d0db945000 JavaThread "Unconstrained build operations Thread 10" [_thread_blocked, id=6520, stack(0x000000ffb8900000,0x000000ffb8a00000)]
  0x000002d0db940000 JavaThread "Unconstrained build operations Thread 11" [_thread_blocked, id=12920, stack(0x000000ffb8a00000,0x000000ffb8b00000)]
  0x000002d0db941000 JavaThread "Unconstrained build operations Thread 12" [_thread_blocked, id=6672, stack(0x000000ffb8b00000,0x000000ffb8c00000)]
  0x000002d0db946800 JavaThread "Unconstrained build operations Thread 13" [_thread_blocked, id=7244, stack(0x000000ffb8c00000,0x000000ffb8d00000)]
  0x000002d0db948000 JavaThread "Unconstrained build operations Thread 14" [_thread_blocked, id=15220, stack(0x000000ffb8d00000,0x000000ffb8e00000)]
  0x000002d0db949000 JavaThread "Unconstrained build operations Thread 15" [_thread_blocked, id=3336, stack(0x000000ffb8e00000,0x000000ffb8f00000)]
  0x000002d0db94b800 JavaThread "Unconstrained build operations Thread 16" [_thread_blocked, id=3856, stack(0x000000ffb8f00000,0x000000ffb9000000)]
  0x000002d0db94a000 JavaThread "Unconstrained build operations Thread 17" [_thread_blocked, id=3956, stack(0x000000ffb9000000,0x000000ffb9100000)]
  0x000002d0db94a800 JavaThread "Unconstrained build operations Thread 18" [_thread_blocked, id=15300, stack(0x000000ffb9100000,0x000000ffb9200000)]
  0x000002d0db94c800 JavaThread "Unconstrained build operations Thread 19" [_thread_blocked, id=636, stack(0x000000ffb9200000,0x000000ffb9300000)]
  0x000002d0db947800 JavaThread "Unconstrained build operations Thread 20" [_thread_blocked, id=8992, stack(0x000000ffb9300000,0x000000ffb9400000)]
  0x000002d0db94d000 JavaThread "Unconstrained build operations Thread 21" [_thread_blocked, id=4124, stack(0x000000ffb9400000,0x000000ffb9500000)]
  0x000002d0db94e000 JavaThread "Unconstrained build operations Thread 22" [_thread_blocked, id=13748, stack(0x000000ffb9500000,0x000000ffb9600000)]
  0x000002d0db94f000 JavaThread "Unconstrained build operations Thread 23" [_thread_blocked, id=8792, stack(0x000000ffb9600000,0x000000ffb9700000)]
  0x000002d0e57ea000 JavaThread "Unconstrained build operations Thread 24" [_thread_blocked, id=10852, stack(0x000000ffb9700000,0x000000ffb9800000)]
  0x000002d0e57e4000 JavaThread "Unconstrained build operations Thread 25" [_thread_blocked, id=13032, stack(0x000000ffb9800000,0x000000ffb9900000)]
  0x000002d0e57e8000 JavaThread "Unconstrained build operations Thread 26" [_thread_blocked, id=4552, stack(0x000000ffb9900000,0x000000ffb9a00000)]
  0x000002d0e57ea800 JavaThread "Unconstrained build operations Thread 27" [_thread_blocked, id=10444, stack(0x000000ffb9a00000,0x000000ffb9b00000)]
  0x000002d0e57e6800 JavaThread "Unconstrained build operations Thread 28" [_thread_blocked, id=6452, stack(0x000000ffb9b00000,0x000000ffb9c00000)]
  0x000002d0e57e9000 JavaThread "Unconstrained build operations Thread 29" [_thread_blocked, id=14788, stack(0x000000ffb9c00000,0x000000ffb9d00000)]
  0x000002d0e57e7800 JavaThread "Unconstrained build operations Thread 30" [_thread_blocked, id=5848, stack(0x000000ffb9d00000,0x000000ffb9e00000)]
  0x000002d0e57e5000 JavaThread "Unconstrained build operations Thread 31" [_thread_blocked, id=11480, stack(0x000000ffb9e00000,0x000000ffb9f00000)]
  0x000002d0e57eb800 JavaThread "Unconstrained build operations Thread 32" [_thread_blocked, id=12756, stack(0x000000ffb9f00000,0x000000ffba000000)]
  0x000002d0e57e5800 JavaThread "Unconstrained build operations Thread 33" [_thread_blocked, id=11816, stack(0x000000ffba000000,0x000000ffba100000)]
  0x000002d0e57ec800 JavaThread "Unconstrained build operations Thread 34" [_thread_blocked, id=12308, stack(0x000000ffba100000,0x000000ffba200000)]
  0x000002d0e57ed000 JavaThread "Unconstrained build operations Thread 35" [_thread_blocked, id=12776, stack(0x000000ffba200000,0x000000ffba300000)]
  0x000002d0e57f1000 JavaThread "Unconstrained build operations Thread 36" [_thread_blocked, id=7952, stack(0x000000ffba300000,0x000000ffba400000)]
  0x000002d0e57f0800 JavaThread "Unconstrained build operations Thread 37" [_thread_blocked, id=8480, stack(0x000000ffba400000,0x000000ffba500000)]
  0x000002d0e57f2000 JavaThread "Unconstrained build operations Thread 38" [_thread_blocked, id=12352, stack(0x000000ffba500000,0x000000ffba600000)]
  0x000002d0e57ee000 JavaThread "Unconstrained build operations Thread 39" [_thread_blocked, id=12808, stack(0x000000ffba600000,0x000000ffba700000)]
  0x000002d0e57ee800 JavaThread "Unconstrained build operations Thread 40" [_thread_blocked, id=7720, stack(0x000000ffba700000,0x000000ffba800000)]
  0x000002d0e57ef800 JavaThread "Unconstrained build operations Thread 41" [_thread_blocked, id=6652, stack(0x000000ffba800000,0x000000ffba900000)]
  0x000002d0dfa99000 JavaThread "Unconstrained build operations Thread 42" [_thread_blocked, id=8096, stack(0x000000ffba900000,0x000000ffbaa00000)]
  0x000002d0dfa98000 JavaThread "Unconstrained build operations Thread 43" [_thread_blocked, id=2584, stack(0x000000ffbaa00000,0x000000ffbab00000)]
  0x000002d0dfa9c800 JavaThread "Unconstrained build operations Thread 44" [_thread_blocked, id=12448, stack(0x000000ffbab00000,0x000000ffbac00000)]
  0x000002d0dfa9d000 JavaThread "Unconstrained build operations Thread 45" [_thread_blocked, id=8168, stack(0x000000ffbac00000,0x000000ffbad00000)]
  0x000002d0dfa9a800 JavaThread "Unconstrained build operations Thread 46" [_thread_blocked, id=13120, stack(0x000000ffbad00000,0x000000ffbae00000)]
  0x000002d0dfa9a000 JavaThread "Unconstrained build operations Thread 47" [_thread_blocked, id=4152, stack(0x000000ffbae00000,0x000000ffbaf00000)]
  0x000002d0dfa9e000 JavaThread "Unconstrained build operations Thread 48" [_thread_blocked, id=13652, stack(0x000000ffbaf00000,0x000000ffbb000000)]
  0x000002d0dfaa2000 JavaThread "Unconstrained build operations Thread 49" [_thread_blocked, id=3892, stack(0x000000ffbb000000,0x000000ffbb100000)]
  0x000002d0dfaa3800 JavaThread "Unconstrained build operations Thread 50" [_thread_blocked, id=12680, stack(0x000000ffbb100000,0x000000ffbb200000)]
  0x000002d0dfaa4800 JavaThread "Unconstrained build operations Thread 51" [_thread_blocked, id=3200, stack(0x000000ffbb200000,0x000000ffbb300000)]
  0x000002d0dfa9f000 JavaThread "Unconstrained build operations Thread 52" [_thread_blocked, id=8444, stack(0x000000ffbb300000,0x000000ffbb400000)]
  0x000002d0dfaa1000 JavaThread "Unconstrained build operations Thread 53" [_thread_blocked, id=13056, stack(0x000000ffbb400000,0x000000ffbb500000)]
  0x000002d0dfaa3000 JavaThread "Unconstrained build operations Thread 54" [_thread_blocked, id=5892, stack(0x000000ffbb500000,0x000000ffbb600000)]
  0x000002d0dfa9f800 JavaThread "Unconstrained build operations Thread 55" [_thread_blocked, id=5620, stack(0x000000ffbb600000,0x000000ffbb700000)]
  0x000002d0dfaa5800 JavaThread "Unconstrained build operations Thread 56" [_thread_blocked, id=8244, stack(0x000000ffbb700000,0x000000ffbb800000)]
  0x000002d0dfaa6000 JavaThread "Unconstrained build operations Thread 57" [_thread_blocked, id=7676, stack(0x000000ffbb800000,0x000000ffbb900000)]
  0x000002d0dfaa0800 JavaThread "Unconstrained build operations Thread 58" [_thread_blocked, id=4216, stack(0x000000ffbb900000,0x000000ffbba00000)]
  0x000002d0dfaa7000 JavaThread "Unconstrained build operations Thread 59" [_thread_blocked, id=11520, stack(0x000000ffbba00000,0x000000ffbbb00000)]
  0x000002d0de5ff000 JavaThread "Unconstrained build operations Thread 60" [_thread_blocked, id=9040, stack(0x000000ffbbb00000,0x000000ffbbc00000)]
  0x000002d0de5fe000 JavaThread "Unconstrained build operations Thread 61" [_thread_blocked, id=4360, stack(0x000000ffbbc00000,0x000000ffbbd00000)]
  0x000002d0de605800 JavaThread "Unconstrained build operations Thread 62" [_thread_blocked, id=3348, stack(0x000000ffbbd00000,0x000000ffbbe00000)]
  0x000002d0de5ff800 JavaThread "Unconstrained build operations Thread 63" [_thread_blocked, id=12604, stack(0x000000ffbbe00000,0x000000ffbbf00000)]
  0x000002d0de606000 JavaThread "Unconstrained build operations Thread 64" [_thread_blocked, id=7636, stack(0x000000ffbbf00000,0x000000ffbc000000)]
  0x000002d0de600800 JavaThread "Unconstrained build operations Thread 65" [_thread_blocked, id=15048, stack(0x000000ffbc000000,0x000000ffbc100000)]
  0x000002d0de607000 JavaThread "Unconstrained build operations Thread 66" [_thread_blocked, id=7232, stack(0x000000ffbc100000,0x000000ffbc200000)]
  0x000002d0de601800 JavaThread "Unconstrained build operations Thread 67" [_thread_blocked, id=15012, stack(0x000000ffbc200000,0x000000ffbc300000)]
  0x000002d0de604800 JavaThread "Unconstrained build operations Thread 68" [_thread_blocked, id=8224, stack(0x000000ffbc300000,0x000000ffbc400000)]
  0x000002d0de608000 JavaThread "Unconstrained build operations Thread 69" [_thread_blocked, id=4888, stack(0x000000ffbc400000,0x000000ffbc500000)]
  0x000002d0de602000 JavaThread "Unconstrained build operations Thread 70" [_thread_blocked, id=1280, stack(0x000000ffbc500000,0x000000ffbc600000)]
  0x000002d0de608800 JavaThread "Unconstrained build operations Thread 71" [_thread_blocked, id=4320, stack(0x000000ffbc600000,0x000000ffbc700000)]
  0x000002d0de603000 JavaThread "Unconstrained build operations Thread 72" [_thread_blocked, id=14876, stack(0x000000ffbc700000,0x000000ffbc800000)]
  0x000002d0de609800 JavaThread "Unconstrained build operations Thread 73" [_thread_blocked, id=7544, stack(0x000000ffbc800000,0x000000ffbc900000)]
  0x000002d0de60a800 JavaThread "Unconstrained build operations Thread 74" [_thread_blocked, id=10532, stack(0x000000ffbc900000,0x000000ffbca00000)]
  0x000002d0de60b000 JavaThread "Unconstrained build operations Thread 75" [_thread_blocked, id=1368, stack(0x000000ffbca00000,0x000000ffbcb00000)]
  0x000002d0de60c000 JavaThread "Unconstrained build operations Thread 76" [_thread_blocked, id=6048, stack(0x000000ffbcb00000,0x000000ffbcc00000)]
  0x000002d0dfbf4000 JavaThread "Unconstrained build operations Thread 77" [_thread_blocked, id=3084, stack(0x000000ffbcc00000,0x000000ffbcd00000)]
  0x000002d0dfbf7800 JavaThread "Unconstrained build operations Thread 78" [_thread_blocked, id=8516, stack(0x000000ffbcd00000,0x000000ffbce00000)]
  0x000002d0dfbf5000 JavaThread "Unconstrained build operations Thread 79" [_thread_blocked, id=7248, stack(0x000000ffbce00000,0x000000ffbcf00000)]
  0x000002d0dfbf6000 JavaThread "Unconstrained build operations Thread 80" [_thread_blocked, id=10704, stack(0x000000ffbcf00000,0x000000ffbd000000)]

Other Threads:
  0x000002d0d7ed7000 VMThread "VM Thread" [stack: 0x000000ffb5500000,0x000000ffb5600000] [id=10820]
  0x000002d0d8a12800 WatcherThread [stack: 0x000000ffb5f00000,0x000000ffb6000000] [id=12036]
  0x000002d0bda6b800 GCTaskThread "GC Thread#0" [stack: 0x000000ffb5000000,0x000000ffb5100000] [id=15252]
  0x000002d0d9d2e800 GCTaskThread "GC Thread#1" [stack: 0x000000ffb6200000,0x000000ffb6300000] [id=15028]
  0x000002d0d9e71800 GCTaskThread "GC Thread#2" [stack: 0x000000ffb6300000,0x000000ffb6400000] [id=9772]
  0x000002d0d9c7d800 GCTaskThread "GC Thread#3" [stack: 0x000000ffb6d00000,0x000000ffb6e00000] [id=8616]
  0x000002d0db377800 GCTaskThread "GC Thread#4" [stack: 0x000000ffb6e00000,0x000000ffb6f00000] [id=7936]
  0x000002d0daf1e800 GCTaskThread "GC Thread#5" [stack: 0x000000ffb6f00000,0x000000ffb7000000] [id=7096]
  0x000002d0dac07800 GCTaskThread "GC Thread#6" [stack: 0x000000ffb7000000,0x000000ffb7100000] [id=5492]
  0x000002d0db90b800 GCTaskThread "GC Thread#7" [stack: 0x000000ffb7100000,0x000000ffb7200000] [id=4060]
  0x000002d0bda9b000 ConcurrentGCThread "G1 Main Marker" [stack: 0x000000ffb5100000,0x000000ffb5200000] [id=10520]
  0x000002d0bda9c800 ConcurrentGCThread "G1 Conc#0" [stack: 0x000000ffb5200000,0x000000ffb5300000] [id=4372]
  0x000002d0dac3b000 ConcurrentGCThread "G1 Conc#1" [stack: 0x000000ffb7500000,0x000000ffb7600000] [id=12296]
  0x000002d0bdb2e800 ConcurrentGCThread "G1 Refine#0" [stack: 0x000000ffb5300000,0x000000ffb5400000] [id=13336]
  0x000002d0d7d20800 ConcurrentGCThread "G1 Young RemSet Sampling" [stack: 0x000000ffb5400000,0x000000ffb5500000] [id=9212]

Threads with active compile tasks:
C2 CompilerThread09645853 27482       4       java.io.WinNTFileSystem::normalize (224 bytes)
C2 CompilerThread19645853 27407       4       org.gradle.api.internal.artifacts.ivyservice.resolveengine.graph.builder.NodeState::visitOutgoingDependencies (159 bytes)

VM state:not at safepoint (normal execution)

VM Mutex/Monitor currently owned by a thread: None

Heap address: 0x0000000080000000, size: 2048 MB, Compressed Oops mode: 32-bit
Narrow klass base: 0x0000000000000000, Narrow klass shift: 3
Compressed class space size: 1073741824 Address: 0x0000000100000000

Heap:
 garbage-first heap   total 231424K, used 164136K [0x0000000080000000, 0x0000000100000000)
  region size 1024K, 64 young (65536K), 2 survivors (2048K)
 Metaspace       used 125571K, capacity 129110K, committed 129436K, reserved 1161216K
  class space    used 15495K, capacity 16852K, committed 16976K, reserved 1048576K
Heap Regions: E=young(eden), S=young(survivor), O=old, HS=humongous(starts), HC=humongous(continues), CS=collection set, F=free, A=archive, TAMS=top-at-mark-start (previous, next)
|   0|0x0000000080000000, 0x0000000080100000, 0x0000000080100000|100%| O|  |TAMS 0x0000000080000000, 0x0000000080000000| Untracked 
|   1|0x0000000080100000, 0x0000000080200000, 0x0000000080200000|100%| O|  |TAMS 0x0000000080200000, 0x0000000080100000| Untracked 
|   2|0x0000000080200000, 0x0000000080300000, 0x0000000080300000|100%| O|  |TAMS 0x0000000080300000, 0x0000000080200000| Untracked 
|   3|0x0000000080300000, 0x0000000080400000, 0x0000000080400000|100%|HS|  |TAMS 0x0000000080400000, 0x0000000080300000| Complete 
|   4|0x0000000080400000, 0x0000000080500000, 0x0000000080500000|100%|HC|  |TAMS 0x0000000080500000, 0x0000000080400000| Complete 
|   5|0x0000000080500000, 0x0000000080600000, 0x0000000080600000|100%|HC|  |TAMS 0x0000000080600000, 0x0000000080500000| Complete 
|   6|0x0000000080600000, 0x0000000080700000, 0x0000000080700000|100%| O|  |TAMS 0x0000000080700000, 0x0000000080600000| Untracked 
|   7|0x0000000080700000, 0x0000000080800000, 0x0000000080800000|100%| O|  |TAMS 0x0000000080800000, 0x0000000080700000| Untracked 
|   8|0x0000000080800000, 0x0000000080900000, 0x0000000080900000|100%| O|  |TAMS 0x0000000080900000, 0x0000000080800000| Untracked 
|   9|0x0000000080900000, 0x0000000080a00000, 0x0000000080a00000|100%| O|  |TAMS 0x0000000080a00000, 0x0000000080900000| Untracked 
|  10|0x0000000080a00000, 0x0000000080b00000, 0x0000000080b00000|100%| O|  |TAMS 0x0000000080b00000, 0x0000000080a00000| Untracked 
|  11|0x0000000080b00000, 0x0000000080c00000, 0x0000000080c00000|100%| O|  |TAMS 0x0000000080c00000, 0x0000000080b00000| Untracked 
|  12|0x0000000080c00000, 0x0000000080d00000, 0x0000000080d00000|100%| O|  |TAMS 0x0000000080d00000, 0x0000000080c00000| Untracked 
|  13|0x0000000080d00000, 0x0000000080e00000, 0x0000000080e00000|100%| O|  |TAMS 0x0000000080e00000, 0x0000000080d00000| Untracked 
|  14|0x0000000080e00000, 0x0000000080f00000, 0x0000000080f00000|100%| O|  |TAMS 0x0000000080f00000, 0x0000000080e00000| Untracked 
|  15|0x0000000080f00000, 0x0000000081000000, 0x0000000081000000|100%| O|  |TAMS 0x0000000081000000, 0x0000000080f00000| Untracked 
|  16|0x0000000081000000, 0x0000000081100000, 0x0000000081100000|100%| O|  |TAMS 0x0000000081100000, 0x0000000081000000| Untracked 
|  17|0x0000000081100000, 0x0000000081200000, 0x0000000081200000|100%| O|  |TAMS 0x0000000081200000, 0x0000000081100000| Untracked 
|  18|0x0000000081200000, 0x0000000081300000, 0x0000000081300000|100%| O|  |TAMS 0x0000000081300000, 0x0000000081200000| Untracked 
|  19|0x0000000081300000, 0x0000000081400000, 0x0000000081400000|100%| O|  |TAMS 0x0000000081400000, 0x0000000081300000| Untracked 
|  20|0x0000000081400000, 0x0000000081500000, 0x0000000081500000|100%|HS|  |TAMS 0x0000000081500000, 0x0000000081400000| Complete 
|  21|0x0000000081500000, 0x0000000081600000, 0x0000000081600000|100%| O|  |TAMS 0x0000000081600000, 0x0000000081500000| Untracked 
|  22|0x0000000081600000, 0x0000000081700000, 0x0000000081700000|100%| O|  |TAMS 0x0000000081700000, 0x0000000081600000| Untracked 
|  23|0x0000000081700000, 0x0000000081800000, 0x0000000081800000|100%| O|  |TAMS 0x0000000081800000, 0x0000000081700000| Untracked 
|  24|0x0000000081800000, 0x0000000081900000, 0x0000000081900000|100%|HS|  |TAMS 0x0000000081900000, 0x0000000081800000| Complete 
|  25|0x0000000081900000, 0x0000000081a00000, 0x0000000081a00000|100%|HS|  |TAMS 0x0000000081a00000, 0x0000000081900000| Complete 
|  26|0x0000000081a00000, 0x0000000081b00000, 0x0000000081b00000|100%|HC|  |TAMS 0x0000000081b00000, 0x0000000081a00000| Complete 
|  27|0x0000000081b00000, 0x0000000081c00000, 0x0000000081c00000|100%| O|  |TAMS 0x0000000081c00000, 0x0000000081b00000| Untracked 
|  28|0x0000000081c00000, 0x0000000081d00000, 0x0000000081d00000|100%| O|  |TAMS 0x0000000081d00000, 0x0000000081c00000| Untracked 
|  29|0x0000000081d00000, 0x0000000081e00000, 0x0000000081e00000|100%| O|  |TAMS 0x0000000081e00000, 0x0000000081d00000| Untracked 
|  30|0x0000000081e00000, 0x0000000081f00000, 0x0000000081f00000|100%| O|  |TAMS 0x0000000081e00000, 0x0000000081e00000| Untracked 
|  31|0x0000000081f00000, 0x0000000082000000, 0x0000000082000000|100%| O|  |TAMS 0x0000000081f00000, 0x0000000081f00000| Untracked 
|  32|0x0000000082000000, 0x0000000082100000, 0x0000000082100000|100%| O|  |TAMS 0x0000000082100000, 0x0000000082000000| Untracked 
|  33|0x0000000082100000, 0x0000000082200000, 0x0000000082200000|100%| O|  |TAMS 0x0000000082200000, 0x0000000082100000| Untracked 
|  34|0x0000000082200000, 0x0000000082300000, 0x0000000082300000|100%| O|  |TAMS 0x0000000082300000, 0x0000000082200000| Untracked 
|  35|0x0000000082300000, 0x0000000082400000, 0x0000000082400000|100%| O|  |TAMS 0x0000000082400000, 0x0000000082300000| Untracked 
|  36|0x0000000082400000, 0x0000000082500000, 0x0000000082500000|100%| O|  |TAMS 0x0000000082500000, 0x0000000082400000| Untracked 
|  37|0x0000000082500000, 0x0000000082600000, 0x0000000082600000|100%| O|  |TAMS 0x0000000082600000, 0x0000000082500000| Untracked 
|  38|0x0000000082600000, 0x0000000082700000, 0x0000000082700000|100%| O|  |TAMS 0x0000000082700000, 0x0000000082600000| Untracked 
|  39|0x0000000082700000, 0x0000000082800000, 0x0000000082800000|100%| O|  |TAMS 0x0000000082800000, 0x0000000082700000| Untracked 
|  40|0x0000000082800000, 0x0000000082900000, 0x0000000082900000|100%| O|  |TAMS 0x0000000082900000, 0x0000000082800000| Untracked 
|  41|0x0000000082900000, 0x0000000082a00000, 0x0000000082a00000|100%| O|  |TAMS 0x0000000082a00000, 0x0000000082900000| Untracked 
|  42|0x0000000082a00000, 0x0000000082b00000, 0x0000000082b00000|100%| O|  |TAMS 0x0000000082b00000, 0x0000000082a00000| Untracked 
|  43|0x0000000082b00000, 0x0000000082c00000, 0x0000000082c00000|100%| O|  |TAMS 0x0000000082c00000, 0x0000000082b00000| Untracked 
|  44|0x0000000082c00000, 0x0000000082d00000, 0x0000000082d00000|100%| O|  |TAMS 0x0000000082d00000, 0x0000000082c00000| Untracked 
|  45|0x0000000082d00000, 0x0000000082e00000, 0x0000000082e00000|100%| O|  |TAMS 0x0000000082e00000, 0x0000000082d00000| Untracked 
|  46|0x0000000082e00000, 0x0000000082f00000, 0x0000000082f00000|100%| O|  |TAMS 0x0000000082f00000, 0x0000000082e00000| Untracked 
|  47|0x0000000082f00000, 0x0000000083000000, 0x0000000083000000|100%| O|  |TAMS 0x0000000083000000, 0x0000000082f00000| Untracked 
|  48|0x0000000083000000, 0x0000000083100000, 0x0000000083100000|100%| O|  |TAMS 0x0000000083100000, 0x0000000083000000| Untracked 
|  49|0x0000000083100000, 0x0000000083200000, 0x0000000083200000|100%| O|  |TAMS 0x0000000083200000, 0x0000000083100000| Untracked 
|  50|0x0000000083200000, 0x0000000083300000, 0x0000000083300000|100%| O|  |TAMS 0x0000000083200000, 0x0000000083200000| Untracked 
|  51|0x0000000083300000, 0x0000000083400000, 0x0000000083400000|100%| O|  |TAMS 0x0000000083400000, 0x0000000083300000| Untracked 
|  52|0x0000000083400000, 0x0000000083500000, 0x0000000083500000|100%| O|  |TAMS 0x0000000083500000, 0x0000000083400000| Untracked 
|  53|0x0000000083500000, 0x0000000083600000, 0x0000000083600000|100%| O|  |TAMS 0x0000000083600000, 0x0000000083500000| Untracked 
|  54|0x0000000083600000, 0x0000000083700000, 0x0000000083700000|100%| O|  |TAMS 0x0000000083700000, 0x0000000083600000| Untracked 
|  55|0x0000000083700000, 0x0000000083800000, 0x0000000083800000|100%| O|  |TAMS 0x0000000083800000, 0x0000000083700000| Untracked 
|  56|0x0000000083800000, 0x0000000083900000, 0x0000000083900000|100%| O|  |TAMS 0x0000000083900000, 0x0000000083800000| Untracked 
|  57|0x0000000083900000, 0x0000000083a00000, 0x0000000083a00000|100%| O|  |TAMS 0x0000000083a00000, 0x0000000083900000| Untracked 
|  58|0x0000000083a00000, 0x0000000083b00000, 0x0000000083b00000|100%| O|  |TAMS 0x0000000083a00000, 0x0000000083a00000| Untracked 
|  59|0x0000000083b00000, 0x0000000083c00000, 0x0000000083c00000|100%| O|  |TAMS 0x0000000083b00000, 0x0000000083b00000| Untracked 
|  60|0x0000000083c00000, 0x0000000083d00000, 0x0000000083d00000|100%| O|  |TAMS 0x0000000083d00000, 0x0000000083c00000| Untracked 
|  61|0x0000000083d00000, 0x0000000083e00000, 0x0000000083e00000|100%| O|  |TAMS 0x0000000083e00000, 0x0000000083d00000| Untracked 
|  62|0x0000000083e00000, 0x0000000083f00000, 0x0000000083f00000|100%| O|  |TAMS 0x0000000083f00000, 0x0000000083e00000| Untracked 
|  63|0x0000000083f00000, 0x0000000084000000, 0x0000000084000000|100%| O|  |TAMS 0x0000000084000000, 0x0000000083f00000| Untracked 
|  64|0x0000000084000000, 0x0000000084100000, 0x0000000084100000|100%| O|  |TAMS 0x0000000084100000, 0x0000000084000000| Untracked 
|  65|0x0000000084100000, 0x0000000084200000, 0x0000000084200000|100%| O|  |TAMS 0x0000000084200000, 0x0000000084100000| Untracked 
|  66|0x0000000084200000, 0x0000000084300000, 0x0000000084300000|100%| O|  |TAMS 0x0000000084300000, 0x0000000084200000| Untracked 
|  67|0x0000000084300000, 0x0000000084400000, 0x0000000084400000|100%| O|  |TAMS 0x0000000084400000, 0x0000000084300000| Untracked 
|  68|0x0000000084400000, 0x0000000084500000, 0x0000000084500000|100%| O|  |TAMS 0x0000000084500000, 0x0000000084400000| Untracked 
|  69|0x0000000084500000, 0x0000000084600000, 0x0000000084600000|100%| O|  |TAMS 0x0000000084600000, 0x0000000084500000| Untracked 
|  70|0x0000000084600000, 0x0000000084700000, 0x0000000084700000|100%| O|  |TAMS 0x0000000084700000, 0x0000000084600000| Untracked 
|  71|0x0000000084700000, 0x0000000084800000, 0x0000000084800000|100%| O|  |TAMS 0x0000000084800000, 0x0000000084700000| Untracked 
|  72|0x0000000084800000, 0x0000000084900000, 0x0000000084900000|100%| O|  |TAMS 0x0000000084900000, 0x0000000084800000| Untracked 
|  73|0x0000000084900000, 0x0000000084a00000, 0x0000000084a00000|100%| O|  |TAMS 0x0000000084a00000, 0x0000000084900000| Untracked 
|  74|0x0000000084a00000, 0x0000000084b00000, 0x0000000084b00000|100%| O|  |TAMS 0x0000000084b00000, 0x0000000084a00000| Untracked 
|  75|0x0000000084b00000, 0x0000000084c00000, 0x0000000084c00000|100%| O|  |TAMS 0x0000000084c00000, 0x0000000084b00000| Untracked 
|  76|0x0000000084c00000, 0x0000000084c00000, 0x0000000084d00000|  0%| F|  |TAMS 0x0000000084c00000, 0x0000000084c00000| Untracked 
|  77|0x0000000084d00000, 0x0000000084d00000, 0x0000000084e00000|  0%| F|  |TAMS 0x0000000084d00000, 0x0000000084d00000| Untracked 
|  78|0x0000000084e00000, 0x0000000084f00000, 0x0000000084f00000|100%| O|  |TAMS 0x0000000084f00000, 0x0000000084e00000| Untracked 
|  79|0x0000000084f00000, 0x0000000084f00000, 0x0000000085000000|  0%| F|  |TAMS 0x0000000084f00000, 0x0000000084f00000| Untracked 
|  80|0x0000000085000000, 0x0000000085000000, 0x0000000085100000|  0%| F|  |TAMS 0x0000000085000000, 0x0000000085000000| Untracked 
|  81|0x0000000085100000, 0x0000000085200000, 0x0000000085200000|100%| O|  |TAMS 0x0000000085200000, 0x0000000085100000| Untracked 
|  82|0x0000000085200000, 0x0000000085300000, 0x0000000085300000|100%| O|  |TAMS 0x0000000085300000, 0x0000000085200000| Untracked 
|  83|0x0000000085300000, 0x0000000085400000, 0x0000000085400000|100%| O|  |TAMS 0x0000000085300000, 0x0000000085300000| Untracked 
|  84|0x0000000085400000, 0x0000000085500000, 0x0000000085500000|100%| O|  |TAMS 0x0000000085500000, 0x0000000085400000| Untracked 
|  85|0x0000000085500000, 0x0000000085600000, 0x0000000085600000|100%| O|  |TAMS 0x0000000085600000, 0x0000000085500000| Untracked 
|  86|0x0000000085600000, 0x0000000085700000, 0x0000000085700000|100%| O|  |TAMS 0x0000000085700000, 0x0000000085600000| Untracked 
|  87|0x0000000085700000, 0x0000000085800000, 0x0000000085800000|100%| O|  |TAMS 0x0000000085800000, 0x0000000085700000| Untracked 
|  88|0x0000000085800000, 0x0000000085900000, 0x0000000085900000|100%| O|  |TAMS 0x0000000085800000, 0x0000000085800000| Untracked 
|  89|0x0000000085900000, 0x0000000085900000, 0x0000000085a00000|  0%| F|  |TAMS 0x0000000085900000, 0x0000000085900000| Untracked 
|  90|0x0000000085a00000, 0x0000000085a00000, 0x0000000085b00000|  0%| F|  |TAMS 0x0000000085a00000, 0x0000000085a00000| Untracked 
|  91|0x0000000085b00000, 0x0000000085c00000, 0x0000000085c00000|100%| O|  |TAMS 0x0000000085c00000, 0x0000000085b00000| Untracked 
|  92|0x0000000085c00000, 0x0000000085c00000, 0x0000000085d00000|  0%| F|  |TAMS 0x0000000085c00000, 0x0000000085c00000| Untracked 
|  93|0x0000000085d00000, 0x0000000085e00000, 0x0000000085e00000|100%| O|  |TAMS 0x0000000085d00000, 0x0000000085d00000| Untracked 
|  94|0x0000000085e00000, 0x0000000085f00000, 0x0000000085f00000|100%| O|  |TAMS 0x0000000085f00000, 0x0000000085e00000| Untracked 
|  95|0x0000000085f00000, 0x0000000086000000, 0x0000000086000000|100%| O|  |TAMS 0x0000000086000000, 0x0000000085f00000| Untracked 
|  96|0x0000000086000000, 0x0000000086100000, 0x0000000086100000|100%| O|  |TAMS 0x0000000086100000, 0x0000000086000000| Untracked 
|  97|0x0000000086100000, 0x000000008614a000, 0x0000000086200000| 28%| O|  |TAMS 0x0000000086100000, 0x0000000086100000| Untracked 
|  98|0x0000000086200000, 0x0000000086300000, 0x0000000086300000|100%| O|  |TAMS 0x0000000086300000, 0x0000000086200000| Untracked 
|  99|0x0000000086300000, 0x0000000086400000, 0x0000000086400000|100%| O|  |TAMS 0x0000000086400000, 0x0000000086300000| Untracked 
| 100|0x0000000086400000, 0x0000000086400000, 0x0000000086500000|  0%| F|  |TAMS 0x0000000086400000, 0x0000000086400000| Untracked 
| 101|0x0000000086500000, 0x0000000086600000, 0x0000000086600000|100%| O|  |TAMS 0x0000000086600000, 0x0000000086500000| Untracked 
| 102|0x0000000086600000, 0x0000000086600000, 0x0000000086700000|  0%| F|  |TAMS 0x0000000086600000, 0x0000000086600000| Untracked 
| 103|0x0000000086700000, 0x0000000086800000, 0x0000000086800000|100%| O|  |TAMS 0x0000000086800000, 0x0000000086700000| Untracked 
| 104|0x0000000086800000, 0x0000000086800000, 0x0000000086900000|  0%| F|  |TAMS 0x0000000086800000, 0x0000000086800000| Untracked 
| 105|0x0000000086900000, 0x0000000086900000, 0x0000000086a00000|  0%| F|  |TAMS 0x0000000086900000, 0x0000000086900000| Untracked 
| 106|0x0000000086a00000, 0x0000000086b00000, 0x0000000086b00000|100%| O|  |TAMS 0x0000000086b00000, 0x0000000086a00000| Untracked 
| 107|0x0000000086b00000, 0x0000000086c00000, 0x0000000086c00000|100%| O|  |TAMS 0x0000000086c00000, 0x0000000086b00000| Untracked 
| 108|0x0000000086c00000, 0x0000000086d00000, 0x0000000086d00000|100%| O|  |TAMS 0x0000000086d00000, 0x0000000086c00000| Untracked 
| 109|0x0000000086d00000, 0x0000000086d00000, 0x0000000086e00000|  0%| F|  |TAMS 0x0000000086d00000, 0x0000000086d00000| Untracked 
| 110|0x0000000086e00000, 0x0000000086e00000, 0x0000000086f00000|  0%| F|  |TAMS 0x0000000086e00000, 0x0000000086e00000| Untracked 
| 111|0x0000000086f00000, 0x0000000086f00000, 0x0000000087000000|  0%| F|  |TAMS 0x0000000086f00000, 0x0000000086f00000| Untracked 
| 112|0x0000000087000000, 0x0000000087000000, 0x0000000087100000|  0%| F|  |TAMS 0x0000000087000000, 0x0000000087000000| Untracked 
| 113|0x0000000087100000, 0x0000000087100000, 0x0000000087200000|  0%| F|  |TAMS 0x0000000087100000, 0x0000000087100000| Untracked 
| 114|0x0000000087200000, 0x0000000087300000, 0x0000000087300000|100%| O|  |TAMS 0x0000000087300000, 0x0000000087200000| Untracked 
| 115|0x0000000087300000, 0x0000000087300000, 0x0000000087400000|  0%| F|  |TAMS 0x0000000087300000, 0x0000000087300000| Untracked 
| 116|0x0000000087400000, 0x0000000087400000, 0x0000000087500000|  0%| F|  |TAMS 0x0000000087400000, 0x0000000087400000| Untracked 
| 117|0x0000000087500000, 0x0000000087500000, 0x0000000087600000|  0%| F|  |TAMS 0x0000000087500000, 0x0000000087500000| Untracked 
| 118|0x0000000087600000, 0x0000000087600000, 0x0000000087700000|  0%| F|  |TAMS 0x0000000087600000, 0x0000000087600000| Untracked 
| 119|0x0000000087700000, 0x0000000087700000, 0x0000000087800000|  0%| F|  |TAMS 0x0000000087700000, 0x0000000087700000| Untracked 
| 120|0x0000000087800000, 0x0000000087800000, 0x0000000087900000|  0%| F|  |TAMS 0x0000000087800000, 0x0000000087800000| Untracked 
| 121|0x0000000087900000, 0x0000000087900000, 0x0000000087a00000|  0%| F|  |TAMS 0x0000000087900000, 0x0000000087900000| Untracked 
| 122|0x0000000087a00000, 0x0000000087a00000, 0x0000000087b00000|  0%| F|  |TAMS 0x0000000087a00000, 0x0000000087a00000| Untracked 
| 123|0x0000000087b00000, 0x0000000087b00000, 0x0000000087c00000|  0%| F|  |TAMS 0x0000000087b00000, 0x0000000087b00000| Untracked 
| 124|0x0000000087c00000, 0x0000000087c00000, 0x0000000087d00000|  0%| F|  |TAMS 0x0000000087c00000, 0x0000000087c00000| Untracked 
| 125|0x0000000087d00000, 0x0000000087d00000, 0x0000000087e00000|  0%| F|  |TAMS 0x0000000087d00000, 0x0000000087d00000| Untracked 
| 126|0x0000000087e00000, 0x0000000087e00000, 0x0000000087f00000|  0%| F|  |TAMS 0x0000000087e00000, 0x0000000087e00000| Untracked 
| 127|0x0000000087f00000, 0x0000000087f00000, 0x0000000088000000|  0%| F|  |TAMS 0x0000000087f00000, 0x0000000087f00000| Untracked 
| 128|0x0000000088000000, 0x0000000088000000, 0x0000000088100000|  0%| F|  |TAMS 0x0000000088000000, 0x0000000088000000| Untracked 
| 129|0x0000000088100000, 0x0000000088100000, 0x0000000088200000|  0%| F|  |TAMS 0x0000000088100000, 0x0000000088100000| Untracked 
| 130|0x0000000088200000, 0x0000000088200000, 0x0000000088300000|  0%| F|  |TAMS 0x0000000088200000, 0x0000000088200000| Untracked 
| 131|0x0000000088300000, 0x0000000088300000, 0x0000000088400000|  0%| F|  |TAMS 0x0000000088300000, 0x0000000088300000| Untracked 
| 132|0x0000000088400000, 0x0000000088400000, 0x0000000088500000|  0%| F|  |TAMS 0x0000000088400000, 0x0000000088400000| Untracked 
| 133|0x0000000088500000, 0x0000000088500000, 0x0000000088600000|  0%| F|  |TAMS 0x0000000088500000, 0x0000000088500000| Untracked 
| 134|0x0000000088600000, 0x0000000088600000, 0x0000000088700000|  0%| F|  |TAMS 0x0000000088600000, 0x0000000088600000| Untracked 
| 135|0x0000000088700000, 0x0000000088700000, 0x0000000088800000|  0%| F|  |TAMS 0x0000000088700000, 0x0000000088700000| Untracked 
| 136|0x0000000088800000, 0x0000000088800000, 0x0000000088900000|  0%| F|  |TAMS 0x0000000088800000, 0x0000000088800000| Untracked 
| 137|0x0000000088900000, 0x0000000088900000, 0x0000000088a00000|  0%| F|  |TAMS 0x0000000088900000, 0x0000000088900000| Untracked 
| 138|0x0000000088a00000, 0x0000000088a00000, 0x0000000088b00000|  0%| F|  |TAMS 0x0000000088a00000, 0x0000000088a00000| Untracked 
| 139|0x0000000088b00000, 0x0000000088b00000, 0x0000000088c00000|  0%| F|  |TAMS 0x0000000088b00000, 0x0000000088b00000| Untracked 
| 140|0x0000000088c00000, 0x0000000088c00000, 0x0000000088d00000|  0%| F|  |TAMS 0x0000000088c00000, 0x0000000088c00000| Untracked 
| 141|0x0000000088d00000, 0x0000000088d00000, 0x0000000088e00000|  0%| F|  |TAMS 0x0000000088d00000, 0x0000000088d00000| Untracked 
| 142|0x0000000088e00000, 0x0000000088e00000, 0x0000000088f00000|  0%| F|  |TAMS 0x0000000088e00000, 0x0000000088e00000| Untracked 
| 143|0x0000000088f00000, 0x0000000088f00000, 0x0000000089000000|  0%| F|  |TAMS 0x0000000088f00000, 0x0000000088f00000| Untracked 
| 144|0x0000000089000000, 0x0000000089000000, 0x0000000089100000|  0%| F|  |TAMS 0x0000000089000000, 0x0000000089000000| Untracked 
| 145|0x0000000089100000, 0x0000000089100000, 0x0000000089200000|  0%| F|  |TAMS 0x0000000089100000, 0x0000000089100000| Untracked 
| 146|0x0000000089200000, 0x0000000089200000, 0x0000000089300000|  0%| F|  |TAMS 0x0000000089200000, 0x0000000089200000| Untracked 
| 147|0x0000000089300000, 0x0000000089300000, 0x0000000089400000|  0%| F|  |TAMS 0x0000000089300000, 0x0000000089300000| Untracked 
| 148|0x0000000089400000, 0x0000000089400000, 0x0000000089500000|  0%| F|  |TAMS 0x0000000089400000, 0x0000000089400000| Untracked 
| 149|0x0000000089500000, 0x0000000089500000, 0x0000000089600000|  0%| F|  |TAMS 0x0000000089500000, 0x0000000089500000| Untracked 
| 150|0x0000000089600000, 0x0000000089600000, 0x0000000089700000|  0%| F|  |TAMS 0x0000000089600000, 0x0000000089600000| Untracked 
| 151|0x0000000089700000, 0x0000000089700000, 0x0000000089800000|  0%| F|  |TAMS 0x0000000089700000, 0x0000000089700000| Untracked 
| 152|0x0000000089800000, 0x0000000089800000, 0x0000000089900000|  0%| F|  |TAMS 0x0000000089800000, 0x0000000089800000| Untracked 
| 153|0x0000000089900000, 0x0000000089900000, 0x0000000089a00000|  0%| F|  |TAMS 0x0000000089900000, 0x0000000089900000| Untracked 
| 154|0x0000000089a00000, 0x0000000089a00000, 0x0000000089b00000|  0%| F|  |TAMS 0x0000000089a00000, 0x0000000089a00000| Untracked 
| 155|0x0000000089b00000, 0x0000000089b00000, 0x0000000089c00000|  0%| F|  |TAMS 0x0000000089b00000, 0x0000000089b00000| Untracked 
| 156|0x0000000089c00000, 0x0000000089c00000, 0x0000000089d00000|  0%| F|  |TAMS 0x0000000089c00000, 0x0000000089c00000| Untracked 
| 157|0x0000000089d00000, 0x0000000089d00000, 0x0000000089e00000|  0%| F|  |TAMS 0x0000000089d00000, 0x0000000089d00000| Untracked 
| 158|0x0000000089e00000, 0x0000000089e00000, 0x0000000089f00000|  0%| F|  |TAMS 0x0000000089e00000, 0x0000000089e00000| Untracked 
| 159|0x0000000089f00000, 0x0000000089f00000, 0x000000008a000000|  0%| F|  |TAMS 0x0000000089f00000, 0x0000000089f00000| Untracked 
| 160|0x000000008a000000, 0x000000008a000000, 0x000000008a100000|  0%| F|  |TAMS 0x000000008a000000, 0x000000008a000000| Untracked 
| 161|0x000000008a100000, 0x000000008a100000, 0x000000008a200000|  0%| F|  |TAMS 0x000000008a100000, 0x000000008a100000| Untracked 
| 162|0x000000008a200000, 0x000000008a282410, 0x000000008a300000| 50%| E|  |TAMS 0x000000008a200000, 0x000000008a200000| Complete 
| 163|0x000000008a300000, 0x000000008a400000, 0x000000008a400000|100%| E|CS|TAMS 0x000000008a300000, 0x000000008a300000| Complete 
| 164|0x000000008a400000, 0x000000008a500000, 0x000000008a500000|100%| E|CS|TAMS 0x000000008a400000, 0x000000008a400000| Complete 
| 165|0x000000008a500000, 0x000000008a600000, 0x000000008a600000|100%| E|CS|TAMS 0x000000008a500000, 0x000000008a500000| Complete 
| 166|0x000000008a600000, 0x000000008a700000, 0x000000008a700000|100%| E|CS|TAMS 0x000000008a600000, 0x000000008a600000| Complete 
| 167|0x000000008a700000, 0x000000008a800000, 0x000000008a800000|100%| E|CS|TAMS 0x000000008a700000, 0x000000008a700000| Complete 
| 168|0x000000008a800000, 0x000000008a900000, 0x000000008a900000|100%| E|CS|TAMS 0x000000008a800000, 0x000000008a800000| Complete 
| 169|0x000000008a900000, 0x000000008aa00000, 0x000000008aa00000|100%| E|CS|TAMS 0x000000008a900000, 0x000000008a900000| Complete 
| 170|0x000000008aa00000, 0x000000008ab00000, 0x000000008ab00000|100%| E|CS|TAMS 0x000000008aa00000, 0x000000008aa00000| Complete 
| 171|0x000000008ab00000, 0x000000008ac00000, 0x000000008ac00000|100%| E|CS|TAMS 0x000000008ab00000, 0x000000008ab00000| Complete 
| 172|0x000000008ac00000, 0x000000008ad00000, 0x000000008ad00000|100%| E|CS|TAMS 0x000000008ac00000, 0x000000008ac00000| Complete 
| 173|0x000000008ad00000, 0x000000008ae00000, 0x000000008ae00000|100%| E|CS|TAMS 0x000000008ad00000, 0x000000008ad00000| Complete 
| 174|0x000000008ae00000, 0x000000008af00000, 0x000000008af00000|100%| E|CS|TAMS 0x000000008ae00000, 0x000000008ae00000| Complete 
| 175|0x000000008af00000, 0x000000008b000000, 0x000000008b000000|100%| E|CS|TAMS 0x000000008af00000, 0x000000008af00000| Complete 
| 176|0x000000008b000000, 0x000000008b100000, 0x000000008b100000|100%| E|CS|TAMS 0x000000008b000000, 0x000000008b000000| Complete 
| 177|0x000000008b100000, 0x000000008b200000, 0x000000008b200000|100%| E|CS|TAMS 0x000000008b100000, 0x000000008b100000| Complete 
| 178|0x000000008b200000, 0x000000008b300000, 0x000000008b300000|100%| E|CS|TAMS 0x000000008b200000, 0x000000008b200000| Complete 
| 179|0x000000008b300000, 0x000000008b400000, 0x000000008b400000|100%| E|CS|TAMS 0x000000008b300000, 0x000000008b300000| Complete 
| 180|0x000000008b400000, 0x000000008b500000, 0x000000008b500000|100%| E|CS|TAMS 0x000000008b400000, 0x000000008b400000| Complete 
| 181|0x000000008b500000, 0x000000008b600000, 0x000000008b600000|100%| E|CS|TAMS 0x000000008b500000, 0x000000008b500000| Complete 
| 182|0x000000008b600000, 0x000000008b700000, 0x000000008b700000|100%| E|CS|TAMS 0x000000008b600000, 0x000000008b600000| Complete 
| 183|0x000000008b700000, 0x000000008b800000, 0x000000008b800000|100%| E|CS|TAMS 0x000000008b700000, 0x000000008b700000| Complete 
| 184|0x000000008b800000, 0x000000008b900000, 0x000000008b900000|100%| E|CS|TAMS 0x000000008b800000, 0x000000008b800000| Complete 
| 185|0x000000008b900000, 0x000000008ba00000, 0x000000008ba00000|100%| E|CS|TAMS 0x000000008b900000, 0x000000008b900000| Complete 
| 186|0x000000008ba00000, 0x000000008bb00000, 0x000000008bb00000|100%| E|CS|TAMS 0x000000008ba00000, 0x000000008ba00000| Complete 
| 187|0x000000008bb00000, 0x000000008bc00000, 0x000000008bc00000|100%| E|CS|TAMS 0x000000008bb00000, 0x000000008bb00000| Complete 
| 188|0x000000008bc00000, 0x000000008bd00000, 0x000000008bd00000|100%| E|CS|TAMS 0x000000008bc00000, 0x000000008bc00000| Complete 
| 189|0x000000008bd00000, 0x000000008be00000, 0x000000008be00000|100%| E|CS|TAMS 0x000000008bd00000, 0x000000008bd00000| Complete 
| 190|0x000000008be00000, 0x000000008bf00000, 0x000000008bf00000|100%| E|CS|TAMS 0x000000008be00000, 0x000000008be00000| Complete 
| 191|0x000000008bf00000, 0x000000008c000000, 0x000000008c000000|100%| E|CS|TAMS 0x000000008bf00000, 0x000000008bf00000| Complete 
| 192|0x000000008c000000, 0x000000008c100000, 0x000000008c100000|100%| E|CS|TAMS 0x000000008c000000, 0x000000008c000000| Complete 
| 193|0x000000008c100000, 0x000000008c200000, 0x000000008c200000|100%| E|CS|TAMS 0x000000008c100000, 0x000000008c100000| Complete 
| 194|0x000000008c200000, 0x000000008c300000, 0x000000008c300000|100%| E|CS|TAMS 0x000000008c200000, 0x000000008c200000| Complete 
| 195|0x000000008c300000, 0x000000008c400000, 0x000000008c400000|100%| E|CS|TAMS 0x000000008c300000, 0x000000008c300000| Complete 
| 196|0x000000008c400000, 0x000000008c500000, 0x000000008c500000|100%| E|CS|TAMS 0x000000008c400000, 0x000000008c400000| Complete 
| 197|0x000000008c500000, 0x000000008c600000, 0x000000008c600000|100%| E|CS|TAMS 0x000000008c500000, 0x000000008c500000| Complete 
| 198|0x000000008c600000, 0x000000008c700000, 0x000000008c700000|100%| E|  |TAMS 0x000000008c600000, 0x000000008c600000| Complete 
| 199|0x000000008c700000, 0x000000008c800000, 0x000000008c800000|100%| E|CS|TAMS 0x000000008c700000, 0x000000008c700000| Complete 
| 200|0x000000008c800000, 0x000000008c900000, 0x000000008c900000|100%| E|CS|TAMS 0x000000008c800000, 0x000000008c800000| Complete 
| 201|0x000000008c900000, 0x000000008ca00000, 0x000000008ca00000|100%| E|CS|TAMS 0x000000008c900000, 0x000000008c900000| Complete 
| 202|0x000000008ca00000, 0x000000008cb00000, 0x000000008cb00000|100%| E|CS|TAMS 0x000000008ca00000, 0x000000008ca00000| Complete 
| 203|0x000000008cb00000, 0x000000008cc00000, 0x000000008cc00000|100%| E|CS|TAMS 0x000000008cb00000, 0x000000008cb00000| Complete 
| 204|0x000000008cc00000, 0x000000008cd00000, 0x000000008cd00000|100%| E|CS|TAMS 0x000000008cc00000, 0x000000008cc00000| Complete 
| 205|0x000000008cd00000, 0x000000008ce00000, 0x000000008ce00000|100%| E|CS|TAMS 0x000000008cd00000, 0x000000008cd00000| Complete 
| 206|0x000000008ce00000, 0x000000008cf00000, 0x000000008cf00000|100%| E|CS|TAMS 0x000000008ce00000, 0x000000008ce00000| Complete 
| 207|0x000000008cf00000, 0x000000008d000000, 0x000000008d000000|100%| E|CS|TAMS 0x000000008cf00000, 0x000000008cf00000| Complete 
| 208|0x000000008d000000, 0x000000008d100000, 0x000000008d100000|100%| E|CS|TAMS 0x000000008d000000, 0x000000008d000000| Complete 
| 209|0x000000008d100000, 0x000000008d200000, 0x000000008d200000|100%| E|CS|TAMS 0x000000008d100000, 0x000000008d100000| Complete 
| 210|0x000000008d200000, 0x000000008d300000, 0x000000008d300000|100%| E|CS|TAMS 0x000000008d200000, 0x000000008d200000| Complete 
| 211|0x000000008d300000, 0x000000008d400000, 0x000000008d400000|100%| E|CS|TAMS 0x000000008d300000, 0x000000008d300000| Complete 
| 212|0x000000008d400000, 0x000000008d500000, 0x000000008d500000|100%| E|CS|TAMS 0x000000008d400000, 0x000000008d400000| Complete 
| 213|0x000000008d500000, 0x000000008d600000, 0x000000008d600000|100%| E|CS|TAMS 0x000000008d500000, 0x000000008d500000| Complete 
| 214|0x000000008d600000, 0x000000008d700000, 0x000000008d700000|100%| E|CS|TAMS 0x000000008d600000, 0x000000008d600000| Complete 
| 215|0x000000008d700000, 0x000000008d800000, 0x000000008d800000|100%| E|CS|TAMS 0x000000008d700000, 0x000000008d700000| Complete 
| 216|0x000000008d800000, 0x000000008d900000, 0x000000008d900000|100%| S|CS|TAMS 0x000000008d800000, 0x000000008d800000| Complete 
| 217|0x000000008d900000, 0x000000008da00000, 0x000000008da00000|100%| S|CS|TAMS 0x000000008d900000, 0x000000008d900000| Complete 
| 218|0x000000008da00000, 0x000000008db00000, 0x000000008db00000|100%| E|CS|TAMS 0x000000008da00000, 0x000000008da00000| Complete 
| 219|0x000000008db00000, 0x000000008dc00000, 0x000000008dc00000|100%| E|CS|TAMS 0x000000008db00000, 0x000000008db00000| Complete 
| 220|0x000000008dc00000, 0x000000008dd00000, 0x000000008dd00000|100%| E|CS|TAMS 0x000000008dc00000, 0x000000008dc00000| Complete 
| 221|0x000000008dd00000, 0x000000008de00000, 0x000000008de00000|100%| E|CS|TAMS 0x000000008dd00000, 0x000000008dd00000| Complete 
| 222|0x000000008de00000, 0x000000008df00000, 0x000000008df00000|100%| E|CS|TAMS 0x000000008de00000, 0x000000008de00000| Complete 
| 223|0x000000008df00000, 0x000000008e000000, 0x000000008e000000|100%| E|CS|TAMS 0x000000008df00000, 0x000000008df00000| Complete 
| 224|0x000000008e000000, 0x000000008e100000, 0x000000008e100000|100%| E|CS|TAMS 0x000000008e000000, 0x000000008e000000| Complete 
| 225|0x000000008e100000, 0x000000008e200000, 0x000000008e200000|100%| E|CS|TAMS 0x000000008e100000, 0x000000008e100000| Complete 

Card table byte_map: [0x000002d0d0c90000,0x000002d0d1090000] _byte_map_base: 0x000002d0d0890000

Marking Bits (Prev, Next): (CMBitMap*) 0x000002d0bda924d0, (CMBitMap*) 0x000002d0bda92498
 Prev Bits: [0x000002d0d3490000, 0x000002d0d5490000)
 Next Bits: [0x000002d0d1490000, 0x000002d0d3490000)

Polling page: 0x000002d0bd230000

Metaspace:

Usage:
  Non-class:    109.63 MB capacity,   107.50 MB ( 98%) used,     1.68 MB (  2%) free+waste,   461.38 KB ( <1%) overhead. 
      Class:     16.46 MB capacity,    15.13 MB ( 92%) used,     1.13 MB (  7%) free+waste,   198.63 KB (  1%) overhead. 
       Both:    126.08 MB capacity,   122.63 MB ( 97%) used,     2.81 MB (  2%) free+waste,   660.00 KB ( <1%) overhead. 

Virtual space:
  Non-class space:      110.00 MB reserved,     109.82 MB (>99%) committed 
      Class space:        1.00 GB reserved,      16.58 MB (  2%) committed 
             Both:        1.11 GB reserved,     126.40 MB ( 11%) committed 

Chunk freelists:
   Non-Class:  138.00 KB
       Class:  36.00 KB
        Both:  174.00 KB

MaxMetaspaceSize: 17179869184.00 GB
CompressedClassSpaceSize: 1.00 GB
Initial GC threshold: 20.80 MB
Current GC threshold: 210.67 MB
CDS: off

CodeHeap 'non-profiled nmethods': size=120000Kb used=18836Kb max_used=19222Kb free=101163Kb
 bounds [0x000002d0c9030000, 0x000002d0ca300000, 0x000002d0d0560000]
CodeHeap 'profiled nmethods': size=120000Kb used=50927Kb max_used=53006Kb free=69072Kb
 bounds [0x000002d0c1b00000, 0x000002d0c4ed0000, 0x000002d0c9030000]
CodeHeap 'non-nmethods': size=5760Kb used=2461Kb max_used=2530Kb free=3299Kb
 bounds [0x000002d0c1560000, 0x000002d0c17f0000, 0x000002d0c1b00000]
 total_blobs=24432 nmethods=23448 adapters=894
 compilation: enabled
              stopped_count=0, restarted_count=0
 full_count=0

Compilation events (20 events):
Event: 9645.756 Thread 0x000002d0d8871000 nmethod 27463 0x000002d0c2cdbd90 code [0x000002d0c2cdc020, 0x000002d0c2cdcc48]
Event: 9645.756 Thread 0x000002d0d8871000 27464       3       com.android.build.gradle.internal.api.ApkVariantOutputImpl_Decorated::getMetaClass (29 bytes)
Event: 9645.758 Thread 0x000002d0d8871000 nmethod 27464 0x000002d0c3717a10 code [0x000002d0c3717c00, 0x000002d0c37180d8]
Event: 9645.758 Thread 0x000002d0d8871000 27465       3       com.android.build.gradle.internal.api.ApkVariantOutputImpl_Decorated::getName (39 bytes)
Event: 9645.758 Thread 0x000002d0d8871000 nmethod 27465 0x000002d0c21f4890 code [0x000002d0c21f4a80, 0x000002d0c21f4e98]
Event: 9645.758 Thread 0x000002d0d8871000 27466       3       com.android.build.gradle.internal.api.BaseVariantOutputImpl::getName (8 bytes)
Event: 9645.759 Thread 0x000002d0d8871000 nmethod 27466 0x000002d0c2331c90 code [0x000002d0c2331e40, 0x000002d0c2331f58]
Event: 9645.759 Thread 0x000002d0d8871000 27467       1       com.android.build.gradle.internal.scope.InternalArtifactType::getFinalizingArtifact (5 bytes)
Event: 9645.760 Thread 0x000002d0d8871000 nmethod 27467 0x000002d0c991b110 code [0x000002d0c991b2c0, 0x000002d0c991b378]
Event: 9645.760 Thread 0x000002d0d8871000 27468       3       org.gradle.BuildAdapter::projectsEvaluated (1 bytes)
Event: 9645.760 Thread 0x000002d0d8871000 nmethod 27468 0x000002d0c233f810 code [0x000002d0c233f9c0, 0x000002d0c233fab8]
Event: 9645.764 Thread 0x000002d0d886b800 27469       4       org.gradle.api.internal.artifacts.ivyservice.resolveengine.result.CachingComponentSelectionDescriptorFactory$Key::hashCode (23 bytes)
Event: 9645.767 Thread 0x000002d0d8871000 27472       3       org.gradle.api.internal.artifacts.ProjectBackedModule::getProjectId (15 bytes)
Event: 9645.768 Thread 0x000002d0d8871000 nmethod 27472 0x000002d0c2b78690 code [0x000002d0c2b78860, 0x000002d0c2b78a88]
Event: 9645.768 Thread 0x000002d0d886b800 nmethod 27469 0x000002d0c991ac10 code [0x000002d0c991adc0, 0x000002d0c991af48]
Event: 9645.768 Thread 0x000002d0d886b800 27470       4       org.gradle.internal.Describables$FixedDescribable::equals (41 bytes)
Event: 9645.770 Thread 0x000002d0d886b800 nmethod 27470 0x000002d0c9aa0390 code [0x000002d0c9aa0520, 0x000002d0c9aa05f8]
Event: 9645.770 Thread 0x000002d0d886b800 27471       4       com.google.common.collect.AbstractMapBasedMultimap::<init> (19 bytes)
Event: 9645.772 Thread 0x000002d0d886b800 nmethod 27471 0x000002d0c9a9ff90 code [0x000002d0c9aa0120, 0x000002d0c9aa0278]
Event: 9645.776 Thread 0x000002d0d886b800 27473       4       org.gradle.api.DefaultTask::getState (5 bytes)

GC Heap History (20 events):
Event: 9562.020 GC heap before
{Heap before GC invocations=119 (full 0):
 garbage-first heap   total 231424K, used 118750K [0x0000000080000000, 0x0000000100000000)
  region size 1024K, 11 young (11264K), 1 survivors (1024K)
 Metaspace       used 124965K, capacity 128634K, committed 128924K, reserved 1161216K
  class space    used 15512K, capacity 16888K, committed 16976K, reserved 1048576K
}
Event: 9562.108 GC heap after
{Heap after GC invocations=120 (full 0):
 garbage-first heap   total 231424K, used 100311K [0x0000000080000000, 0x0000000100000000)
  region size 1024K, 2 young (2048K), 2 survivors (2048K)
 Metaspace       used 124965K, capacity 128634K, committed 128924K, reserved 1161216K
  class space    used 15512K, capacity 16888K, committed 16976K, reserved 1048576K
}
Event: 9562.909 GC heap before
{Heap before GC invocations=120 (full 0):
 garbage-first heap   total 231424K, used 137175K [0x0000000080000000, 0x0000000100000000)
  region size 1024K, 40 young (40960K), 2 survivors (2048K)
 Metaspace       used 125029K, capacity 128700K, committed 128924K, reserved 1161216K
  class space    used 15513K, capacity 16888K, committed 16976K, reserved 1048576K
}
Event: 9562.959 GC heap after
{Heap after GC invocations=121 (full 0):
 garbage-first heap   total 231424K, used 104533K [0x0000000080000000, 0x0000000100000000)
  region size 1024K, 6 young (6144K), 6 survivors (6144K)
 Metaspace       used 125029K, capacity 128700K, committed 128924K, reserved 1161216K
  class space    used 15513K, capacity 16888K, committed 16976K, reserved 1048576K
}
Event: 9566.520 GC heap before
{Heap before GC invocations=122 (full 0):
 garbage-first heap   total 231424K, used 203861K [0x0000000080000000, 0x0000000100000000)
  region size 1024K, 85 young (87040K), 6 survivors (6144K)
 Metaspace       used 124870K, capacity 128399K, committed 128924K, reserved 1161216K
  class space    used 15479K, capacity 16824K, committed 16976K, reserved 1048576K
}
Event: 9566.546 GC heap after
{Heap after GC invocations=123 (full 0):
 garbage-first heap   total 231424K, used 110674K [0x0000000080000000, 0x0000000100000000)
  region size 1024K, 11 young (11264K), 11 survivors (11264K)
 Metaspace       used 124870K, capacity 128399K, committed 128924K, reserved 1161216K
  class space    used 15479K, capacity 16824K, committed 16976K, reserved 1048576K
}
Event: 9566.547 GC heap before
{Heap before GC invocations=123 (full 0):
 garbage-first heap   total 231424K, used 111698K [0x0000000080000000, 0x0000000100000000)
  region size 1024K, 12 young (12288K), 11 survivors (11264K)
 Metaspace       used 124870K, capacity 128399K, committed 128924K, reserved 1161216K
  class space    used 15479K, capacity 16824K, committed 16976K, reserved 1048576K
}
Event: 9566.588 GC heap after
{Heap after GC invocations=124 (full 0):
 garbage-first heap   total 231424K, used 99804K [0x0000000080000000, 0x0000000100000000)
  region size 1024K, 2 young (2048K), 2 survivors (2048K)
 Metaspace       used 124870K, capacity 128399K, committed 128924K, reserved 1161216K
  class space    used 15479K, capacity 16824K, committed 16976K, reserved 1048576K
}
Event: 9566.976 GC heap before
{Heap before GC invocations=124 (full 0):
 garbage-first heap   total 231424K, used 146908K [0x0000000080000000, 0x0000000100000000)
  region size 1024K, 50 young (51200K), 2 survivors (2048K)
 Metaspace       used 124921K, capacity 128465K, committed 128924K, reserved 1161216K
  class space    used 15479K, capacity 16824K, committed 16976K, reserved 1048576K
}
Event: 9566.993 GC heap after
{Heap after GC invocations=125 (full 0):
 garbage-first heap   total 231424K, used 103290K [0x0000000080000000, 0x0000000100000000)
  region size 1024K, 5 young (5120K), 5 survivors (5120K)
 Metaspace       used 124921K, capacity 128465K, committed 128924K, reserved 1161216K
  class space    used 15479K, capacity 16824K, committed 16976K, reserved 1048576K
}
Event: 9568.158 GC heap before
{Heap before GC invocations=126 (full 0):
 garbage-first heap   total 231424K, used 188282K [0x0000000080000000, 0x0000000100000000)
  region size 1024K, 86 young (88064K), 5 survivors (5120K)
 Metaspace       used 125289K, capacity 128913K, committed 129436K, reserved 1161216K
  class space    used 15484K, capacity 16833K, committed 16976K, reserved 1048576K
}
Event: 9568.173 GC heap after
{Heap after GC invocations=127 (full 0):
 garbage-first heap   total 231424K, used 110078K [0x0000000080000000, 0x0000000100000000)
  region size 1024K, 11 young (11264K), 11 survivors (11264K)
 Metaspace       used 125289K, capacity 128913K, committed 129436K, reserved 1161216K
  class space    used 15484K, capacity 16833K, committed 16976K, reserved 1048576K
}
Event: 9568.178 GC heap before
{Heap before GC invocations=127 (full 0):
 garbage-first heap   total 231424K, used 110078K [0x0000000080000000, 0x0000000100000000)
  region size 1024K, 12 young (12288K), 11 survivors (11264K)
 Metaspace       used 125289K, capacity 128913K, committed 129436K, reserved 1161216K
  class space    used 15484K, capacity 16833K, committed 16976K, reserved 1048576K
}
Event: 9568.203 GC heap after
{Heap after GC invocations=128 (full 0):
 garbage-first heap   total 231424K, used 103155K [0x0000000080000000, 0x0000000100000000)
  region size 1024K, 2 young (2048K), 2 survivors (2048K)
 Metaspace       used 125289K, capacity 128913K, committed 129436K, reserved 1161216K
  class space    used 15484K, capacity 16833K, committed 16976K, reserved 1048576K
}
Event: 9568.603 GC heap before
{Heap before GC invocations=128 (full 0):
 garbage-first heap   total 231424K, used 142067K [0x0000000080000000, 0x0000000100000000)
  region size 1024K, 42 young (43008K), 2 survivors (2048K)
 Metaspace       used 125317K, capacity 128920K, committed 129436K, reserved 1161216K
  class space    used 15485K, capacity 16834K, committed 16976K, reserved 1048576K
}
Event: 9568.614 GC heap after
{Heap after GC invocations=129 (full 0):
 garbage-first heap   total 231424K, used 103808K [0x0000000080000000, 0x0000000100000000)
  region size 1024K, 3 young (3072K), 3 survivors (3072K)
 Metaspace       used 125317K, capacity 128920K, committed 129436K, reserved 1161216K
  class space    used 15485K, capacity 16834K, committed 16976K, reserved 1048576K
}
Event: 9617.475 GC heap before
{Heap before GC invocations=130 (full 0):
 garbage-first heap   total 231424K, used 221408K [0x0000000080000000, 0x0000000100000000)
  region size 1024K, 85 young (87040K), 3 survivors (3072K)
 Metaspace       used 125482K, capacity 129108K, committed 129436K, reserved 1161216K
  class space    used 15495K, capacity 16852K, committed 16976K, reserved 1048576K
}
Event: 9617.494 GC heap after
{Heap after GC invocations=131 (full 0):
 garbage-first heap   total 231424K, used 103955K [0x0000000080000000, 0x0000000100000000)
  region size 1024K, 3 young (3072K), 3 survivors (3072K)
 Metaspace       used 125482K, capacity 129108K, committed 129436K, reserved 1161216K
  class space    used 15495K, capacity 16852K, committed 16976K, reserved 1048576K
}
Event: 9617.802 GC heap before
{Heap before GC invocations=131 (full 0):
 garbage-first heap   total 231424K, used 112147K [0x0000000080000000, 0x0000000100000000)
  region size 1024K, 11 young (11264K), 3 survivors (3072K)
 Metaspace       used 125504K, capacity 129109K, committed 129436K, reserved 1161216K
  class space    used 15495K, capacity 16852K, committed 16976K, reserved 1048576K
}
Event: 9617.842 GC heap after
{Heap after GC invocations=132 (full 0):
 garbage-first heap   total 231424K, used 102696K [0x0000000080000000, 0x0000000100000000)
  region size 1024K, 2 young (2048K), 2 survivors (2048K)
 Metaspace       used 125504K, capacity 129109K, committed 129436K, reserved 1161216K
  class space    used 15495K, capacity 16852K, committed 16976K, reserved 1048576K
}

Deoptimization events (20 events):
Event: 9568.982 Thread 0x000002d0daf96000 DEOPT PACKING pc=0x000002d0c4e79d9d sp=0x000000ffbf3fcc00
Event: 9568.982 Thread 0x000002d0daf96000 DEOPT UNPACKING pc=0x000002d0c15aa95e sp=0x000000ffbf3fc0f0 mode 0
Event: 9569.559 Thread 0x000002d0e0cf8000 DEOPT PACKING pc=0x000002d0c48ee815 sp=0x000000ffb65fd850
Event: 9569.559 Thread 0x000002d0e0cf8000 DEOPT UNPACKING pc=0x000002d0c15aa95e sp=0x000000ffb65fcd40 mode 0
Event: 9618.120 Thread 0x000002d0e0cf3000 Uncommon trap: trap_request=0xffffffbe fr.pc=0x000002d0c97eaa48 relative=0x0000000000001448
Event: 9618.120 Thread 0x000002d0e0cf3000 Uncommon trap: reason=profile_predicate action=maybe_recompile pc=0x000002d0c97eaa48 method=org.gradle.api.internal.artifacts.configurations.Configurations.getNames(Ljava/util/Collection;)Lcom/google/common/collect/ImmutableSet; @ 67 c2
Event: 9618.120 Thread 0x000002d0e0cf3000 DEOPT PACKING pc=0x000002d0c97eaa48 sp=0x000000ffbd1faf50
Event: 9618.120 Thread 0x000002d0e0cf3000 DEOPT UNPACKING pc=0x000002d0c15aa1af sp=0x000000ffbd1faf20 mode 2
Event: 9618.120 Thread 0x000002d0e0cf3000 Uncommon trap: trap_request=0xffffffbe fr.pc=0x000002d0c97eaa48 relative=0x0000000000001448
Event: 9618.120 Thread 0x000002d0e0cf3000 Uncommon trap: reason=profile_predicate action=maybe_recompile pc=0x000002d0c97eaa48 method=org.gradle.api.internal.artifacts.configurations.Configurations.getNames(Ljava/util/Collection;)Lcom/google/common/collect/ImmutableSet; @ 67 c2
Event: 9618.120 Thread 0x000002d0e0cf3000 DEOPT PACKING pc=0x000002d0c97eaa48 sp=0x000000ffbd1faf50
Event: 9618.120 Thread 0x000002d0e0cf3000 DEOPT UNPACKING pc=0x000002d0c15aa1af sp=0x000000ffbd1faf20 mode 2
Event: 9618.120 Thread 0x000002d0e0cf3000 Uncommon trap: trap_request=0xffffffbe fr.pc=0x000002d0c97eaa48 relative=0x0000000000001448
Event: 9618.120 Thread 0x000002d0e0cf3000 Uncommon trap: reason=profile_predicate action=maybe_recompile pc=0x000002d0c97eaa48 method=org.gradle.api.internal.artifacts.configurations.Configurations.getNames(Ljava/util/Collection;)Lcom/google/common/collect/ImmutableSet; @ 67 c2
Event: 9618.120 Thread 0x000002d0e0cf3000 DEOPT PACKING pc=0x000002d0c97eaa48 sp=0x000000ffbd1faf50
Event: 9618.120 Thread 0x000002d0e0cf3000 DEOPT UNPACKING pc=0x000002d0c15aa1af sp=0x000000ffbd1faf20 mode 2
Event: 9618.120 Thread 0x000002d0e0cf3000 Uncommon trap: trap_request=0xffffffbe fr.pc=0x000002d0c97eaa48 relative=0x0000000000001448
Event: 9618.120 Thread 0x000002d0e0cf3000 Uncommon trap: reason=profile_predicate action=maybe_recompile pc=0x000002d0c97eaa48 method=org.gradle.api.internal.artifacts.configurations.Configurations.getNames(Ljava/util/Collection;)Lcom/google/common/collect/ImmutableSet; @ 67 c2
Event: 9618.120 Thread 0x000002d0e0cf3000 DEOPT PACKING pc=0x000002d0c97eaa48 sp=0x000000ffbd1faf50
Event: 9618.120 Thread 0x000002d0e0cf3000 DEOPT UNPACKING pc=0x000002d0c15aa1af sp=0x000000ffbd1faf20 mode 2

Classes redefined (0 events):
No events

Internal exceptions (20 events):
Event: 9568.822 Thread 0x000002d0dfbfb800 Exception <a 'sun/nio/fs/WindowsException'{0x000000008d165d90}> (0x000000008d165d90) thrown at [./src/hotspot/share/prims/jni.cpp, line 615]
Event: 9568.828 Thread 0x000002d0daf90000 Exception <a 'sun/nio/fs/WindowsException'{0x000000008d1b5c08}> (0x000000008d1b5c08) thrown at [./src/hotspot/share/prims/jni.cpp, line 615]
Event: 9568.829 Thread 0x000002d0dbeb3800 Exception <a 'sun/nio/fs/WindowsException'{0x000000008d1fe838}> (0x000000008d1fe838) thrown at [./src/hotspot/share/prims/jni.cpp, line 615]
Event: 9568.835 Thread 0x000002d0dbeb1000 Exception <a 'sun/nio/fs/WindowsException'{0x000000008cf0e790}> (0x000000008cf0e790) thrown at [./src/hotspot/share/prims/jni.cpp, line 615]
Event: 9569.034 Thread 0x000002d0daf96000 Exception <a 'sun/nio/fs/WindowsException'{0x000000008c339a60}> (0x000000008c339a60) thrown at [./src/hotspot/share/prims/jni.cpp, line 615]
Event: 9569.520 Thread 0x000002d0e0cf8000 Exception <a 'sun/nio/fs/WindowsException'{0x000000008e012938}> (0x000000008e012938) thrown at [./src/hotspot/share/prims/jni.cpp, line 615]
Event: 9569.520 Thread 0x000002d0e0cf8000 Exception <a 'sun/nio/fs/WindowsException'{0x000000008e0129b8}> (0x000000008e0129b8) thrown at [./src/hotspot/share/prims/jni.cpp, line 615]
Event: 9569.521 Thread 0x000002d0e0cf8000 Exception <a 'sun/nio/fs/WindowsException'{0x000000008e014318}> (0x000000008e014318) thrown at [./src/hotspot/share/prims/jni.cpp, line 615]
Event: 9617.510 Thread 0x000002d0e0cf8000 Exception <a 'sun/nio/fs/WindowsException'{0x000000008e138200}> (0x000000008e138200) thrown at [./src/hotspot/share/prims/jni.cpp, line 615]
Event: 9617.644 Thread 0x000002d0e0cf8000 Exception <a 'java/lang/NoClassDefFoundError'{0x000000008de8a4f8}: org/jetbrains/kotlin/gradle/plugin/KotlinBasePluginWrapper> (0x000000008de8a4f8) thrown at [./src/hotspot/share/oops/constantPool.cpp, line 775]
Event: 9617.721 Thread 0x000002d0e0cf8000 Exception <a 'sun/nio/fs/WindowsException'{0x000000008db4d590}> (0x000000008db4d590) thrown at [./src/hotspot/share/prims/jni.cpp, line 615]
Event: 9617.769 Thread 0x000002d0e0cf8000 Exception <a 'sun/nio/fs/WindowsException'{0x000000008dbed130}> (0x000000008dbed130) thrown at [./src/hotspot/share/prims/jni.cpp, line 615]
Event: 9617.769 Thread 0x000002d0e0cf8000 Exception <a 'sun/nio/fs/WindowsException'{0x000000008dbee5e8}> (0x000000008dbee5e8) thrown at [./src/hotspot/share/prims/jni.cpp, line 615]
Event: 9617.770 Thread 0x000002d0e0cf8000 Exception <a 'sun/nio/fs/WindowsException'{0x000000008dbef8a0}> (0x000000008dbef8a0) thrown at [./src/hotspot/share/prims/jni.cpp, line 615]
Event: 9617.770 Thread 0x000002d0e0cf8000 Exception <a 'sun/nio/fs/WindowsException'{0x000000008dbf0b58}> (0x000000008dbf0b58) thrown at [./src/hotspot/share/prims/jni.cpp, line 615]
Event: 9618.261 Thread 0x000002d0e0cf8000 Exception <a 'sun/nio/fs/WindowsException'{0x000000008c2dcb00}> (0x000000008c2dcb00) thrown at [./src/hotspot/share/prims/jni.cpp, line 615]
Event: 9618.262 Thread 0x000002d0e0cf8000 Exception <a 'sun/nio/fs/WindowsException'{0x000000008c2dcb80}> (0x000000008c2dcb80) thrown at [./src/hotspot/share/prims/jni.cpp, line 615]
Event: 9618.264 Thread 0x000002d0e0cf8000 Exception <a 'sun/nio/fs/WindowsException'{0x000000008c2de4e0}> (0x000000008c2de4e0) thrown at [./src/hotspot/share/prims/jni.cpp, line 615]
Event: 9645.606 Thread 0x000002d0e0cf8000 Exception <a 'sun/nio/fs/WindowsException'{0x000000008a9b5da0}> (0x000000008a9b5da0) thrown at [./src/hotspot/share/prims/jni.cpp, line 615]
Event: 9645.757 Thread 0x000002d0e0cf8000 Exception <a 'java/lang/NoClassDefFoundError'{0x000000008a6ea2c8}: org/jetbrains/kotlin/gradle/plugin/KotlinBasePluginWrapper> (0x000000008a6ea2c8) thrown at [./src/hotspot/share/oops/constantPool.cpp, line 775]

Events (20 events):
Event: 9645.413 Thread 0x000002d0de5ff800 Thread added: 0x000002d0de5ff800
Event: 9645.413 Thread 0x000002d0de606000 Thread added: 0x000002d0de606000
Event: 9645.414 Thread 0x000002d0de600800 Thread added: 0x000002d0de600800
Event: 9645.414 Thread 0x000002d0de607000 Thread added: 0x000002d0de607000
Event: 9645.414 Thread 0x000002d0de601800 Thread added: 0x000002d0de601800
Event: 9645.415 Thread 0x000002d0de604800 Thread added: 0x000002d0de604800
Event: 9645.415 Thread 0x000002d0de608000 Thread added: 0x000002d0de608000
Event: 9645.415 Thread 0x000002d0de602000 Thread added: 0x000002d0de602000
Event: 9645.415 Thread 0x000002d0de608800 Thread added: 0x000002d0de608800
Event: 9645.416 Thread 0x000002d0de603000 Thread added: 0x000002d0de603000
Event: 9645.416 Thread 0x000002d0de609800 Thread added: 0x000002d0de609800
Event: 9645.416 Thread 0x000002d0de60a800 Thread added: 0x000002d0de60a800
Event: 9645.417 Thread 0x000002d0de60b000 Thread added: 0x000002d0de60b000
Event: 9645.417 Thread 0x000002d0de60c000 Thread added: 0x000002d0de60c000
Event: 9645.418 Thread 0x000002d0dfbf4000 Thread added: 0x000002d0dfbf4000
Event: 9645.419 Thread 0x000002d0dfbf7800 Thread added: 0x000002d0dfbf7800
Event: 9645.419 Thread 0x000002d0dfbf5000 Thread added: 0x000002d0dfbf5000
Event: 9645.420 Thread 0x000002d0dfbf6000 Thread added: 0x000002d0dfbf6000
Event: 9645.503 Executing VM operation: BulkRevokeBias
Event: 9645.518 Executing VM operation: BulkRevokeBias done


Dynamic libraries:
0x00007ff71c100000 - 0x00007ff71c10a000 	C:\Program Files\Android\Android Studio\jre\bin\java.exe
0x00007ffbf2080000 - 0x00007ffbf2289000 	C:\WINDOWS\SYSTEM32\ntdll.dll
0x00007ffbf0ee0000 - 0x00007ffbf0f9d000 	C:\WINDOWS\System32\KERNEL32.DLL
0x00007ffbef7b0000 - 0x00007ffbefb29000 	C:\WINDOWS\System32\KERNELBASE.dll
0x00007ffbef570000 - 0x00007ffbef681000 	C:\WINDOWS\System32\ucrtbase.dll
0x00007ffbdb750000 - 0x00007ffbdb769000 	C:\Program Files\Android\Android Studio\jre\bin\jli.dll
0x00007ffbdb3b0000 - 0x00007ffbdb3c7000 	C:\Program Files\Android\Android Studio\jre\bin\VCRUNTIME140.dll
0x00007ffbf1da0000 - 0x00007ffbf1f4c000 	C:\WINDOWS\System32\USER32.dll
0x00007ffbefc90000 - 0x00007ffbefcb6000 	C:\WINDOWS\System32\win32u.dll
0x00007ffbd9b30000 - 0x00007ffbd9dd5000 	C:\WINDOWS\WinSxS\amd64_microsoft.windows.common-controls_6595b64144ccf1df_6.0.22000.120_none_9d947278b86cc467\COMCTL32.dll
0x00007ffbf0630000 - 0x00007ffbf06d3000 	C:\WINDOWS\System32\msvcrt.dll
0x00007ffbf03a0000 - 0x00007ffbf03c9000 	C:\WINDOWS\System32\GDI32.dll
0x00007ffbef690000 - 0x00007ffbef7a2000 	C:\WINDOWS\System32\gdi32full.dll
0x00007ffbefb30000 - 0x00007ffbefbcd000 	C:\WINDOWS\System32\msvcp_win.dll
0x00007ffbf09e0000 - 0x00007ffbf0a11000 	C:\WINDOWS\System32\IMM32.DLL
0x00007ffbc2ea0000 - 0x00007ffbc2f3d000 	C:\Program Files\Android\Android Studio\jre\bin\msvcp140.dll
0x00007ffbaf130000 - 0x00007ffbafc15000 	C:\Program Files\Android\Android Studio\jre\bin\server\jvm.dll
0x00007ffbf1c40000 - 0x00007ffbf1cee000 	C:\WINDOWS\System32\ADVAPI32.dll
0x00007ffbf0d60000 - 0x00007ffbf0dfe000 	C:\WINDOWS\System32\sechost.dll
0x00007ffbf04a0000 - 0x00007ffbf05c0000 	C:\WINDOWS\System32\RPCRT4.dll
0x00007ffbf0ce0000 - 0x00007ffbf0ce8000 	C:\WINDOWS\System32\PSAPI.DLL
0x00007ffbe9fe0000 - 0x00007ffbe9fe9000 	C:\WINDOWS\SYSTEM32\WSOCK32.dll
0x00007ffbf0330000 - 0x00007ffbf039f000 	C:\WINDOWS\System32\WS2_32.dll
0x00007ffbe88c0000 - 0x00007ffbe88ca000 	C:\WINDOWS\SYSTEM32\VERSION.dll
0x00007ffbea060000 - 0x00007ffbea093000 	C:\WINDOWS\SYSTEM32\WINMM.dll
0x00007ffbee760000 - 0x00007ffbee778000 	C:\WINDOWS\SYSTEM32\kernel.appcore.dll
0x00007ffbdea70000 - 0x00007ffbdea81000 	C:\Program Files\Android\Android Studio\jre\bin\verify.dll
0x00007ffbed100000 - 0x00007ffbed321000 	C:\WINDOWS\SYSTEM32\DBGHELP.DLL
0x00007ffbd9af0000 - 0x00007ffbd9b21000 	C:\WINDOWS\SYSTEM32\dbgcore.DLL
0x00007ffbefcc0000 - 0x00007ffbefd3f000 	C:\WINDOWS\System32\bcryptPrimitives.dll
0x00007ffbde790000 - 0x00007ffbde7b9000 	C:\Program Files\Android\Android Studio\jre\bin\java.dll
0x00007ffbe9fa0000 - 0x00007ffbe9fab000 	C:\Program Files\Android\Android Studio\jre\bin\jimage.dll
0x00007ffbde9f0000 - 0x00007ffbdea08000 	C:\Program Files\Android\Android Studio\jre\bin\zip.dll
0x00007ffbf1490000 - 0x00007ffbf1c3f000 	C:\WINDOWS\System32\SHELL32.dll
0x00007ffbed6f0000 - 0x00007ffbedf58000 	C:\WINDOWS\SYSTEM32\windows.storage.dll
0x00007ffbeffb0000 - 0x00007ffbf0328000 	C:\WINDOWS\System32\combase.dll
0x00007ffbed580000 - 0x00007ffbed6e6000 	C:\WINDOWS\SYSTEM32\wintypes.dll
0x00007ffbf1f50000 - 0x00007ffbf203a000 	C:\WINDOWS\System32\SHCORE.dll
0x00007ffbf0430000 - 0x00007ffbf048d000 	C:\WINDOWS\System32\shlwapi.dll
0x00007ffbef4a0000 - 0x00007ffbef4c1000 	C:\WINDOWS\SYSTEM32\profapi.dll
0x00007ffbde590000 - 0x00007ffbde5aa000 	C:\Program Files\Android\Android Studio\jre\bin\net.dll
0x00007ffbe9410000 - 0x00007ffbe951c000 	C:\WINDOWS\SYSTEM32\WINHTTP.dll
0x00007ffbeeb90000 - 0x00007ffbeebf7000 	C:\WINDOWS\system32\mswsock.dll
0x00007ffbde3a0000 - 0x00007ffbde3b4000 	C:\Program Files\Android\Android Studio\jre\bin\nio.dll
0x00007ffbde3c0000 - 0x00007ffbde3e7000 	C:\Kuliah\Semester6\AKB\SQLiteExample\.gradle\native\e1d6ef7f7dcc3fd88c89a11ec53ec762bb8ba0a96d01ffa2cd45eb1d1d8dd5c5\windows-amd64\native-platform.dll
0x00007ffba6d60000 - 0x00007ffba6ea4000 	C:\Kuliah\Semester6\AKB\SQLiteExample\.gradle\native\5664cfc778a61ccfe75a443a1ab52a65af34e5dc3c78e0209fed803814484fcb\windows-amd64\native-platform-file-events.dll
0x00007ffbe8820000 - 0x00007ffbe882a000 	C:\Program Files\Android\Android Studio\jre\bin\management.dll
0x00007ffbdfbc0000 - 0x00007ffbdfbcd000 	C:\Program Files\Android\Android Studio\jre\bin\management_ext.dll
0x00007ffbeedd0000 - 0x00007ffbeede8000 	C:\WINDOWS\SYSTEM32\CRYPTSP.dll
0x00007ffbee6c0000 - 0x00007ffbee6f5000 	C:\WINDOWS\system32\rsaenh.dll
0x00007ffbeec80000 - 0x00007ffbeeca9000 	C:\WINDOWS\SYSTEM32\USERENV.dll
0x00007ffbeef50000 - 0x00007ffbeef77000 	C:\WINDOWS\SYSTEM32\bcrypt.dll
0x00007ffbeedf0000 - 0x00007ffbeedfc000 	C:\WINDOWS\SYSTEM32\CRYPTBASE.dll
0x00007ffbee290000 - 0x00007ffbee2bd000 	C:\WINDOWS\SYSTEM32\IPHLPAPI.DLL
0x00007ffbf0490000 - 0x00007ffbf0499000 	C:\WINDOWS\System32\NSI.dll
0x00007ffbe93a0000 - 0x00007ffbe93b9000 	C:\WINDOWS\SYSTEM32\dhcpcsvc6.DLL
0x00007ffbe96e0000 - 0x00007ffbe96fe000 	C:\WINDOWS\SYSTEM32\dhcpcsvc.DLL
0x00007ffbee300000 - 0x00007ffbee3e8000 	C:\WINDOWS\SYSTEM32\DNSAPI.dll
0x00007ffbecb60000 - 0x00007ffbecb94000 	C:\WINDOWS\SYSTEM32\ntmarta.dll
0x00007ffbdd800000 - 0x00007ffbdd827000 	C:\Program Files\Android\Android Studio\jre\bin\sunec.dll

dbghelp: loaded successfully - version: 4.0.5 - missing functions: none
symbol engine: initialized successfully - sym options: 0x614 - pdb path: .;C:\Program Files\Android\Android Studio\jre\bin;C:\WINDOWS\SYSTEM32;C:\WINDOWS\WinSxS\amd64_microsoft.windows.common-controls_6595b64144ccf1df_6.0.22000.120_none_9d947278b86cc467;C:\Program Files\Android\Android Studio\jre\bin\server;C:\Kuliah\Semester6\AKB\SQLiteExample\.gradle\native\e1d6ef7f7dcc3fd88c89a11ec53ec762bb8ba0a96d01ffa2cd45eb1d1d8dd5c5\windows-amd64;C:\Kuliah\Semester6\AKB\SQLiteExample\.gradle\native\5664cfc778a61ccfe75a443a1ab52a65af34e5dc3c78e0209fed803814484fcb\windows-amd64

VM Arguments:
jvm_args: --add-opens=java.base/java.util=ALL-UNNAMED --add-opens=java.base/java.lang=ALL-UNNAMED --add-opens=java.base/java.lang.invoke=ALL-UNNAMED --add-opens=java.base/java.util=ALL-UNNAMED --add-opens=java.prefs/java.util.prefs=ALL-UNNAMED --add-opens=java.prefs/java.util.prefs=ALL-UNNAMED --add-opens=java.base/java.nio.charset=ALL-UNNAMED --add-opens=java.base/java.net=ALL-UNNAMED --add-opens=java.base/java.util.concurrent.atomic=ALL-UNNAMED -Xmx2048m -Dfile.encoding=UTF-8 -Duser.country=ID -Duser.language=en -Duser.variant 
java_command: org.gradle.launcher.daemon.bootstrap.GradleDaemon 7.3.3
java_class_path (initial): C:\Kuliah\Semester6\AKB\SQLiteExample\.gradle\wrapper\dists\gradle-7.3.3-bin\6a41zxkdtcxs8rphpq6y0069z\gradle-7.3.3\lib\gradle-launcher-7.3.3.jar
Launcher Type: SUN_STANDARD

[Global flags]
     intx CICompilerCount                          = 4                                         {product} {ergonomic}
     uint ConcGCThreads                            = 2                                         {product} {ergonomic}
     uint G1ConcRefinementThreads                  = 8                                         {product} {ergonomic}
   size_t G1HeapRegionSize                         = 1048576                                   {product} {ergonomic}
    uintx GCDrainStackTargetSize                   = 64                                        {product} {ergonomic}
   size_t InitialHeapSize                          = 132120576                                 {product} {ergonomic}
   size_t MarkStackSize                            = 4194304                                   {product} {ergonomic}
   size_t MaxHeapSize                              = 2147483648                                {product} {command line}
   size_t MaxNewSize                               = 1287651328                                {product} {ergonomic}
   size_t MinHeapDeltaBytes                        = 1048576                                   {product} {ergonomic}
    uintx NonNMethodCodeHeapSize                   = 5836300                                {pd product} {ergonomic}
    uintx NonProfiledCodeHeapSize                  = 122910970                              {pd product} {ergonomic}
    uintx ProfiledCodeHeapSize                     = 122910970                              {pd product} {ergonomic}
    uintx ReservedCodeCacheSize                    = 251658240                              {pd product} {ergonomic}
     bool SegmentedCodeCache                       = true                                      {product} {ergonomic}
     bool UseCompressedClassPointers               = true                                 {lp64_product} {ergonomic}
     bool UseCompressedOops                        = true                                 {lp64_product} {ergonomic}
     bool UseG1GC                                  = true                                      {product} {ergonomic}
     bool UseLargePagesIndividualAllocation        = false                                  {pd product} {ergonomic}

Logging:
Log output configuration:
 #0: stdout all=warning uptime,level,tags
 #1: stderr all=off uptime,level,tags

Environment Variables:
PATH=C:\Program Files (x86)\Common Files\Oracle\Java\javapath;C:\Program Files (x86)\Common Files\Intel\Shared Files\cpp\bin\Intel64;C:\Windows\system32;C:\Windows;C:\Windows\System32\Wbem;C:\Windows\System32\WindowsPowerShell\v1.0\;C:\Windows\System32\OpenSSH\;C:\Program Files (x86)\NVIDIA Corporation\PhysX\Common;C:\Program Files\Intel\WiFi\bin\;C:\Program Files\Common Files\Intel\WirelessCommon\;C:\Program Files\NVIDIA Corporation\NVIDIA NvDLISR;C:\WINDOWS\system32;C:\WINDOWS;C:\WINDOWS\System32\Wbem;C:\WINDOWS\System32\WindowsPowerShell\v1.0\;C:\WINDOWS\System32\OpenSSH\;C:\Program Files\Git\cmd;C:\Program Files\nodejs\;C:\Users\User\AppData\Roaming\Composer\vendor\bin;C:\wamp64\bin\php\php7.4.9;C:\composer;C:\Users\User\AppData\Local\Microsoft\WindowsApps;C:\flutter\bin\;C:\flutter\bin\cache\dart-sdk\bin;C:\flutter\.pub-cache\bin;C:\Users\User\AppData\Roaming\npm;C:\Users\User\AppData\Local\Programs\Microsoft VS Code\bin;C:\flutter\bin
USERNAME=User
OS=Windows_NT
PROCESSOR_IDENTIFIER=Intel64 Family 6 Model 142 Stepping 11, GenuineIntel



---------------  S Y S T E M  ---------------

OS: Windows 10 , 64 bit Build 22000 (10.0.22000.675)
OS uptime: 0 days 17:04 hours

CPU:total 8 (initial active 8) (4 cores per cpu, 2 threads per core) family 6 model 142 stepping 11 microcode 0xde, cmov, cx8, fxsr, mmx, sse, sse2, sse3, ssse3, sse4.1, sse4.2, popcnt, avx, avx2, aes, clmul, erms, 3dnowpref, lzcnt, ht, tsc, tscinvbit, bmi1, bmi2, adx, fma

Memory: 4k page, system-wide physical 8043M (639M free)
TotalPageFile size 16235M (AvailPageFile size 6M)
current process WorkingSet (physical memory assigned to process): 274M, peak: 562M
current process commit charge ("private bytes"): 636M, peak: 677M

vm_info: OpenJDK 64-Bit Server VM (11.0.12+7-b1504.28-7817840) for windows-amd64 JRE (11.0.12+7-b1504.28-7817840), built on Oct 13 2021 22:12:33 by "builder" with MS VC++ 14.0 (VS2015)

END.
